running egg_info
writing ../../build/traffic_light_robot/traffic_light_robot.egg-info/PKG-INFO
writing dependency_links to ../../build/traffic_light_robot/traffic_light_robot.egg-info/dependency_links.txt
writing entry points to ../../build/traffic_light_robot/traffic_light_robot.egg-info/entry_points.txt
writing requirements to ../../build/traffic_light_robot/traffic_light_robot.egg-info/requires.txt
writing top-level names to ../../build/traffic_light_robot/traffic_light_robot.egg-info/top_level.txt
reading manifest file '../../build/traffic_light_robot/traffic_light_robot.egg-info/SOURCES.txt'
writing manifest file '../../build/traffic_light_robot/traffic_light_robot.egg-info/SOURCES.txt'
running build
running build_py
running install
running install_lib
running install_data
running install_egg_info
removing '/home/raspb/Desktop/TrafficSenseAI/install/traffic_light_robot/lib/python3.10/site-packages/traffic_light_robot-0.0.0-py3.10.egg-info' (and everything under it)
Copying ../../build/traffic_light_robot/traffic_light_robot.egg-info to /home/raspb/Desktop/TrafficSenseAI/install/traffic_light_robot/lib/python3.10/site-packages/traffic_light_robot-0.0.0-py3.10.egg-info
running install_scripts
Installing controller_node script to /home/raspb/Desktop/TrafficSenseAI/install/traffic_light_robot/lib/traffic_light_robot
Installing detector_node script to /home/raspb/Desktop/TrafficSenseAI/install/traffic_light_robot/lib/traffic_light_robot
writing list of installed files to '/home/raspb/Desktop/TrafficSenseAI/build/traffic_light_robot/install.log'
