[0.757s] Invoking command in '/root/robot_ws/src/traffic_light_robot': PYTHONPATH=/root/robot_ws/build/traffic_light_robot/prefix_override:/usr/lib/python3/dist-packages/colcon_core/task/python/colcon_distutils_commands:/root/robot_ws/install/traffic_light_robot/lib/python3.10/site-packages:${PYTHONPATH} /usr/bin/python3 -W ignore:setup.py install is deprecated -W ignore:easy_install command is deprecated setup.py egg_info --egg-base ../../build/traffic_light_robot build --build-base /root/robot_ws/build/traffic_light_robot/build install --record /root/robot_ws/build/traffic_light_robot/install.log --single-version-externally-managed install_data
[0.976s] running egg_info
[0.977s] writing ../../build/traffic_light_robot/traffic_light_robot.egg-info/PKG-INFO
[0.977s] writing dependency_links to ../../build/traffic_light_robot/traffic_light_robot.egg-info/dependency_links.txt
[0.977s] writing entry points to ../../build/traffic_light_robot/traffic_light_robot.egg-info/entry_points.txt
[0.978s] writing requirements to ../../build/traffic_light_robot/traffic_light_robot.egg-info/requires.txt
[0.978s] writing top-level names to ../../build/traffic_light_robot/traffic_light_robot.egg-info/top_level.txt
[0.980s] reading manifest file '../../build/traffic_light_robot/traffic_light_robot.egg-info/SOURCES.txt'
[0.982s] writing manifest file '../../build/traffic_light_robot/traffic_light_robot.egg-info/SOURCES.txt'
[0.983s] running build
[0.983s] running build_py
[0.983s] running install
[0.983s] running install_lib
[0.984s] running install_data
[0.984s] running install_egg_info
[0.986s] Copying ../../build/traffic_light_robot/traffic_light_robot.egg-info to /root/robot_ws/install/traffic_light_robot/lib/python3.10/site-packages/traffic_light_robot-0.0.1-py3.10.egg-info
[0.988s] running install_scripts
[1.009s] Installing traffic_detector script to /root/robot_ws/install/traffic_light_robot/lib/traffic_light_robot
[1.009s] writing list of installed files to '/root/robot_ws/build/traffic_light_robot/install.log'
[1.036s] Invoked command in '/root/robot_ws/src/traffic_light_robot' returned '0': PYTHONPATH=/root/robot_ws/build/traffic_light_robot/prefix_override:/usr/lib/python3/dist-packages/colcon_core/task/python/colcon_distutils_commands:/root/robot_ws/install/traffic_light_robot/lib/python3.10/site-packages:${PYTHONPATH} /usr/bin/python3 -W ignore:setup.py install is deprecated -W ignore:easy_install command is deprecated setup.py egg_info --egg-base ../../build/traffic_light_robot build --build-base /root/robot_ws/build/traffic_light_robot/build install --record /root/robot_ws/build/traffic_light_robot/install.log --single-version-externally-managed install_data
