-- The C compiler identification is GNU 11.4.0
-- The CXX compiler identification is GNU 11.4.0
-- Detecting C compiler ABI info
-- Detecting C compiler ABI info - done
-- Check for working C compiler: /usr/bin/cc - skipped
-- Detecting C compile features
-- Detecting C compile features - done
-- Detecting CXX compiler ABI info
-- Detecting CXX compiler ABI info - done
-- Check for working CXX compiler: /usr/bin/c++ - skipped
-- Detecting CXX compile features
-- Detecting CXX compile features - done
-- Found ament_cmake: 1.3.12 (/opt/ros/humble/share/ament_cmake/cmake)
-- Found Python3: /usr/bin/python3 (found version "3.10.12") found components: Interpreter 
-- Found ament_lint_auto: 0.12.14 (/opt/ros/humble/share/ament_lint_auto/cmake)
-- Configuring done
-- Generating done
-- Build files have been written to: /home/raspb/Desktop/TrafficSenseAI/build/robot_description
-- Install configuration: ""
-- Installing: /home/raspb/Desktop/TrafficSenseAI/install/robot_description/share/robot_description//launch
-- Installing: /home/raspb/Desktop/TrafficSenseAI/install/robot_description/share/robot_description//launch/gazebo.launch.py
-- Installing: /home/raspb/Desktop/TrafficSenseAI/install/robot_description/share/robot_description//launch/autonomous.launch.py.backup.txt
-- Installing: /home/raspb/Desktop/TrafficSenseAI/install/robot_description/share/robot_description//launch/autonomous.launch.py
-- Installing: /home/raspb/Desktop/TrafficSenseAI/install/robot_description/share/robot_description//urdf
-- Installing: /home/raspb/Desktop/TrafficSenseAI/install/robot_description/share/robot_description//urdf/robot.urdf.xacro
-- Installing: /home/raspb/Desktop/TrafficSenseAI/install/robot_description/share/robot_description//worlds
-- Installing: /home/raspb/Desktop/TrafficSenseAI/install/robot_description/share/robot_description//worlds/traffic_world.world
[31mCMake Error at cmake_install.cmake:46 (file):
  file INSTALL cannot find
  "/home/raspb/Desktop/TrafficSenseAI/src/robot_description/meshes": No such
  file or directory.

[0m
