[1.359s] Invoking command in '/home/raspb/Desktop/TrafficSenseAI/src/traffic_light_robot': PYTHONPATH=/home/raspb/Desktop/TrafficSenseAI/build/traffic_light_robot/prefix_override:/usr/lib/python3/dist-packages/colcon_core/task/python/colcon_distutils_commands:/home/raspb/Desktop/TrafficSenseAI/install/traffic_light_robot/lib/python3.10/site-packages:${PYTHONPATH} /usr/bin/python3 -W ignore:setup.py install is deprecated -W ignore:easy_install command is deprecated setup.py egg_info --egg-base ../../build/traffic_light_robot build --build-base /home/raspb/Desktop/TrafficSenseAI/build/traffic_light_robot/build install --record /home/raspb/Desktop/TrafficSenseAI/build/traffic_light_robot/install.log --single-version-externally-managed install_data
[1.889s] running egg_info
[1.891s] writing ../../build/traffic_light_robot/traffic_light_robot.egg-info/PKG-INFO
[1.891s] writing dependency_links to ../../build/traffic_light_robot/traffic_light_robot.egg-info/dependency_links.txt
[1.893s] writing entry points to ../../build/traffic_light_robot/traffic_light_robot.egg-info/entry_points.txt
[1.894s] writing requirements to ../../build/traffic_light_robot/traffic_light_robot.egg-info/requires.txt
[1.894s] writing top-level names to ../../build/traffic_light_robot/traffic_light_robot.egg-info/top_level.txt
[1.896s] reading manifest file '../../build/traffic_light_robot/traffic_light_robot.egg-info/SOURCES.txt'
[1.898s] writing manifest file '../../build/traffic_light_robot/traffic_light_robot.egg-info/SOURCES.txt'
[1.899s] running build
[1.899s] running build_py
[1.900s] copying traffic_light_robot/detector_node.py -> /home/raspb/Desktop/TrafficSenseAI/build/traffic_light_robot/build/lib/traffic_light_robot
[1.900s] running install
[1.902s] running install_lib
[1.903s] copying /home/raspb/Desktop/TrafficSenseAI/build/traffic_light_robot/build/lib/traffic_light_robot/detector_node.py -> /home/raspb/Desktop/TrafficSenseAI/install/traffic_light_robot/lib/python3.10/site-packages/traffic_light_robot
[1.904s] byte-compiling /home/raspb/Desktop/TrafficSenseAI/install/traffic_light_robot/lib/python3.10/site-packages/traffic_light_robot/detector_node.py to detector_node.cpython-310.pyc
[1.907s] running install_data
[1.907s] running install_egg_info
[1.911s] removing '/home/raspb/Desktop/TrafficSenseAI/install/traffic_light_robot/lib/python3.10/site-packages/traffic_light_robot-0.0.1-py3.10.egg-info' (and everything under it)
[1.912s] Copying ../../build/traffic_light_robot/traffic_light_robot.egg-info to /home/raspb/Desktop/TrafficSenseAI/install/traffic_light_robot/lib/python3.10/site-packages/traffic_light_robot-0.0.1-py3.10.egg-info
[1.920s] running install_scripts
[1.962s] Installing controller_node script to /home/raspb/Desktop/TrafficSenseAI/install/traffic_light_robot/lib/traffic_light_robot
[1.963s] Installing detector_node script to /home/raspb/Desktop/TrafficSenseAI/install/traffic_light_robot/lib/traffic_light_robot
[1.963s] Installing visualizer_node script to /home/raspb/Desktop/TrafficSenseAI/install/traffic_light_robot/lib/traffic_light_robot
[1.964s] writing list of installed files to '/home/raspb/Desktop/TrafficSenseAI/build/traffic_light_robot/install.log'
[2.029s] Invoked command in '/home/raspb/Desktop/TrafficSenseAI/src/traffic_light_robot' returned '0': PYTHONPATH=/home/raspb/Desktop/TrafficSenseAI/build/traffic_light_robot/prefix_override:/usr/lib/python3/dist-packages/colcon_core/task/python/colcon_distutils_commands:/home/raspb/Desktop/TrafficSenseAI/install/traffic_light_robot/lib/python3.10/site-packages:${PYTHONPATH} /usr/bin/python3 -W ignore:setup.py install is deprecated -W ignore:easy_install command is deprecated setup.py egg_info --egg-base ../../build/traffic_light_robot build --build-base /home/raspb/Desktop/TrafficSenseAI/build/traffic_light_robot/build install --record /home/raspb/Desktop/TrafficSenseAI/build/traffic_light_robot/install.log --single-version-externally-managed install_data
