[0.019s] Invoking command in '/home/raspb/Desktop/TrafficSenseAI/build/robot_description': CMAKE_PREFIX_PATH=${CMAKE_PREFIX_PATH}:/home/raspb/Desktop/TrafficSenseAI/install/traffic_light_robot:/opt/ros/humble /usr/bin/cmake --build /home/raspb/Desktop/TrafficSenseAI/build/robot_description -- -j5 -l5
[0.289s] Invoked command in '/home/raspb/Desktop/TrafficSenseAI/build/robot_description' returned '0': CMAKE_PREFIX_PATH=${CMAKE_PREFIX_PATH}:/home/raspb/Desktop/TrafficSenseAI/install/traffic_light_robot:/opt/ros/humble /usr/bin/cmake --build /home/raspb/Desktop/TrafficSenseAI/build/robot_description -- -j5 -l5
[0.304s] Invoking command in '/home/raspb/Desktop/TrafficSenseAI/build/robot_description': CMAKE_PREFIX_PATH=${CMAKE_PREFIX_PATH}:/home/raspb/Desktop/TrafficSenseAI/install/traffic_light_robot:/opt/ros/humble /usr/bin/cmake --install /home/raspb/Desktop/TrafficSenseAI/build/robot_description
[0.313s] -- Install configuration: ""
[0.314s] -- Execute custom install script
[0.314s] -- Symlinking: /home/raspb/Desktop/TrafficSenseAI/install/robot_description/share/robot_description//launch/autonomous.launch.py
[0.327s] -- Up-to-date symlink: /home/raspb/Desktop/TrafficSenseAI/install/robot_description/share/robot_description//launch/gazebo.launch.py
[0.328s] -- Up-to-date symlink: /home/raspb/Desktop/TrafficSenseAI/install/robot_description/share/robot_description//urdf/robot.urdf.xacro
[0.328s] -- Up-to-date symlink: /home/raspb/Desktop/TrafficSenseAI/install/robot_description/share/robot_description//worlds/traffic_world.world
[0.328s] -- Up-to-date symlink: /home/raspb/Desktop/TrafficSenseAI/install/robot_description/lib/robot_description/azerty_teleop.py
[0.329s] -- Up-to-date symlink: /home/raspb/Desktop/TrafficSenseAI/install/robot_description/share/ament_index/resource_index/package_run_dependencies/robot_description
[0.329s] -- Up-to-date symlink: /home/raspb/Desktop/TrafficSenseAI/install/robot_description/share/ament_index/resource_index/parent_prefix_path/robot_description
[0.329s] -- Up-to-date symlink: /home/raspb/Desktop/TrafficSenseAI/install/robot_description/share/robot_description/environment/ament_prefix_path.sh
[0.329s] -- Up-to-date symlink: /home/raspb/Desktop/TrafficSenseAI/install/robot_description/share/robot_description/environment/ament_prefix_path.dsv
[0.331s] -- Up-to-date symlink: /home/raspb/Desktop/TrafficSenseAI/install/robot_description/share/robot_description/environment/path.sh
[0.331s] -- Up-to-date symlink: /home/raspb/Desktop/TrafficSenseAI/install/robot_description/share/robot_description/environment/path.dsv
[0.331s] -- Up-to-date symlink: /home/raspb/Desktop/TrafficSenseAI/install/robot_description/share/robot_description/local_setup.bash
[0.331s] -- Up-to-date symlink: /home/raspb/Desktop/TrafficSenseAI/install/robot_description/share/robot_description/local_setup.sh
[0.331s] -- Up-to-date symlink: /home/raspb/Desktop/TrafficSenseAI/install/robot_description/share/robot_description/local_setup.zsh
[0.331s] -- Up-to-date symlink: /home/raspb/Desktop/TrafficSenseAI/install/robot_description/share/robot_description/local_setup.dsv
[0.331s] -- Symlinking: /home/raspb/Desktop/TrafficSenseAI/install/robot_description/share/robot_description/package.dsv
[0.345s] -- Up-to-date symlink: /home/raspb/Desktop/TrafficSenseAI/install/robot_description/share/ament_index/resource_index/packages/robot_description
[0.345s] -- Up-to-date symlink: /home/raspb/Desktop/TrafficSenseAI/install/robot_description/share/robot_description/cmake/robot_descriptionConfig.cmake
[0.346s] -- Up-to-date symlink: /home/raspb/Desktop/TrafficSenseAI/install/robot_description/share/robot_description/cmake/robot_descriptionConfig-version.cmake
[0.346s] -- Up-to-date symlink: /home/raspb/Desktop/TrafficSenseAI/install/robot_description/share/robot_description/package.xml
[0.350s] Invoked command in '/home/raspb/Desktop/TrafficSenseAI/build/robot_description' returned '0': CMAKE_PREFIX_PATH=${CMAKE_PREFIX_PATH}:/home/raspb/Desktop/TrafficSenseAI/install/traffic_light_robot:/opt/ros/humble /usr/bin/cmake --install /home/raspb/Desktop/TrafficSenseAI/build/robot_description
