-- Found ament_cmake: 1.3.12 (/opt/ros/humble/share/ament_cmake/cmake)
-- Override CMake install command with custom implementation using symlinks instead of copying resources
-- Found ament_lint_auto: 0.12.14 (/opt/ros/humble/share/ament_lint_auto/cmake)
-- Configuring done
-- Generating done
-- Build files have been written to: /home/raspb/Desktop/TrafficSenseAI/build/robot_description
-- Install configuration: ""
-- Execute custom install script
-- Symlinking: /home/raspb/Desktop/TrafficSenseAI/install/robot_description/share/robot_description//launch/autonomous.launch.py
-- Symlinking: /home/raspb/Desktop/TrafficSenseAI/install/robot_description/share/robot_description//launch/autonomous.launch.py.backup.txt
-- Symlinking: /home/raspb/Desktop/TrafficSenseAI/install/robot_description/share/robot_description//launch/gazebo.launch.py
-- Symlinking: /home/raspb/Desktop/TrafficSenseAI/install/robot_description/share/robot_description//urdf/robot.urdf.xacro
-- Symlinking: /home/raspb/Desktop/TrafficSenseAI/install/robot_description/share/robot_description//worlds/traffic_world.world
[31mCMake Error at ament_cmake_symlink_install/ament_cmake_symlink_install.cmake:100 (message):
  ament_cmake_symlink_install_directory() can't find
  '/home/raspb/Desktop/TrafficSenseAI/src/robot_description/meshes'
Call Stack (most recent call first):
  ament_cmake_symlink_install/ament_cmake_symlink_install.cmake:314 (ament_cmake_symlink_install_directory)
  cmake_install.cmake:46 (include)

[0m
