[0.022s] Invoking command in '/home/raspb/Desktop/TrafficSenseAI/build/robot_description': CMAKE_PREFIX_PATH=${CMAKE_PREFIX_PATH}:/home/raspb/Desktop/TrafficSenseAI/install/traffic_light_robot:/opt/ros/humble /usr/bin/cmake /home/raspb/Desktop/TrafficSenseAI/src/robot_description -DAMENT_CMAKE_SYMLINK_INSTALL=1 -DCMAKE_INSTALL_PREFIX=/home/raspb/Desktop/TrafficSenseAI/install/robot_description
[0.046s] -- Found ament_cmake: 1.3.12 (/opt/ros/humble/share/ament_cmake/cmake)
[0.176s] -- Override CMake install command with custom implementation using symlinks instead of copying resources
[0.184s] -- Found ament_lint_auto: 0.12.14 (/opt/ros/humble/share/ament_lint_auto/cmake)
[0.255s] -- Configuring done
[0.265s] -- Generating done
[0.269s] -- Build files have been written to: /home/raspb/Desktop/TrafficSenseAI/build/robot_description
[0.289s] Invoked command in '/home/raspb/Desktop/TrafficSenseAI/build/robot_description' returned '0': CMAKE_PREFIX_PATH=${CMAKE_PREFIX_PATH}:/home/raspb/Desktop/TrafficSenseAI/install/traffic_light_robot:/opt/ros/humble /usr/bin/cmake /home/raspb/Desktop/TrafficSenseAI/src/robot_description -DAMENT_CMAKE_SYMLINK_INSTALL=1 -DCMAKE_INSTALL_PREFIX=/home/raspb/Desktop/TrafficSenseAI/install/robot_description
[0.290s] Invoking command in '/home/raspb/Desktop/TrafficSenseAI/build/robot_description': CMAKE_PREFIX_PATH=${CMAKE_PREFIX_PATH}:/home/raspb/Desktop/TrafficSenseAI/install/traffic_light_robot:/opt/ros/humble /usr/bin/cmake --build /home/raspb/Desktop/TrafficSenseAI/build/robot_description -- -j5 -l5
[0.348s] Invoked command in '/home/raspb/Desktop/TrafficSenseAI/build/robot_description' returned '0': CMAKE_PREFIX_PATH=${CMAKE_PREFIX_PATH}:/home/raspb/Desktop/TrafficSenseAI/install/traffic_light_robot:/opt/ros/humble /usr/bin/cmake --build /home/raspb/Desktop/TrafficSenseAI/build/robot_description -- -j5 -l5
[0.366s] Invoking command in '/home/raspb/Desktop/TrafficSenseAI/build/robot_description': CMAKE_PREFIX_PATH=${CMAKE_PREFIX_PATH}:/home/raspb/Desktop/TrafficSenseAI/install/traffic_light_robot:/opt/ros/humble /usr/bin/cmake --install /home/raspb/Desktop/TrafficSenseAI/build/robot_description
[0.375s] -- Install configuration: ""
[0.376s] -- Execute custom install script
[0.376s] -- Symlinking: /home/raspb/Desktop/TrafficSenseAI/install/robot_description/share/robot_description//launch/autonomous.launch.py
[0.391s] -- Symlinking: /home/raspb/Desktop/TrafficSenseAI/install/robot_description/share/robot_description//launch/autonomous.launch.py.backup.txt
[0.403s] -- Symlinking: /home/raspb/Desktop/TrafficSenseAI/install/robot_description/share/robot_description//launch/gazebo.launch.py
[0.417s] -- Symlinking: /home/raspb/Desktop/TrafficSenseAI/install/robot_description/share/robot_description//urdf/robot.urdf.xacro
[0.428s] -- Symlinking: /home/raspb/Desktop/TrafficSenseAI/install/robot_description/share/robot_description//worlds/traffic_world.world
[0.441s] [31mCMake Error at ament_cmake_symlink_install/ament_cmake_symlink_install.cmake:100 (message):
[0.441s]   ament_cmake_symlink_install_directory() can't find
[0.441s]   '/home/raspb/Desktop/TrafficSenseAI/src/robot_description/meshes'
[0.441s] Call Stack (most recent call first):
[0.441s]   ament_cmake_symlink_install/ament_cmake_symlink_install.cmake:314 (ament_cmake_symlink_install_directory)
[0.441s]   cmake_install.cmake:46 (include)
[0.441s] 
[0.441s] [0m
[0.444s] Invoked command in '/home/raspb/Desktop/TrafficSenseAI/build/robot_description' returned '1': CMAKE_PREFIX_PATH=${CMAKE_PREFIX_PATH}:/home/raspb/Desktop/TrafficSenseAI/install/traffic_light_robot:/opt/ros/humble /usr/bin/cmake --install /home/raspb/Desktop/TrafficSenseAI/build/robot_description
