[1.083s] Invoking command in '/home/raspb/Desktop/TrafficSenseAI/src/traffic_light_robot': PYTHONPATH=/home/raspb/Desktop/TrafficSenseAI/build/traffic_light_robot/prefix_override:/usr/lib/python3/dist-packages/colcon_core/task/python/colcon_distutils_commands:/home/raspb/Desktop/TrafficSenseAI/install/traffic_light_robot/lib/python3.10/site-packages:${PYTHONPATH} /usr/bin/python3 -W ignore:setup.py install is deprecated -W ignore:easy_install command is deprecated setup.py egg_info --egg-base ../../build/traffic_light_robot build --build-base /home/raspb/Desktop/TrafficSenseAI/build/traffic_light_robot/build install --record /home/raspb/Desktop/TrafficSenseAI/build/traffic_light_robot/install.log --single-version-externally-managed install_data
[1.410s] running egg_info
[1.411s] writing ../../build/traffic_light_robot/traffic_light_robot.egg-info/PKG-INFO
[1.415s] writing dependency_links to ../../build/traffic_light_robot/traffic_light_robot.egg-info/dependency_links.txt
[1.415s] writing entry points to ../../build/traffic_light_robot/traffic_light_robot.egg-info/entry_points.txt
[1.415s] writing requirements to ../../build/traffic_light_robot/traffic_light_robot.egg-info/requires.txt
[1.415s] writing top-level names to ../../build/traffic_light_robot/traffic_light_robot.egg-info/top_level.txt
[1.419s] reading manifest file '../../build/traffic_light_robot/traffic_light_robot.egg-info/SOURCES.txt'
[1.422s] writing manifest file '../../build/traffic_light_robot/traffic_light_robot.egg-info/SOURCES.txt'
[1.423s] running build
[1.424s] running build_py
[1.425s] copying traffic_light_robot/visualizer_node.py -> /home/raspb/Desktop/TrafficSenseAI/build/traffic_light_robot/build/lib/traffic_light_robot
[1.425s] copying traffic_light_robot/Vis_Hybrid.py -> /home/raspb/Desktop/TrafficSenseAI/build/traffic_light_robot/build/lib/traffic_light_robot
[1.426s] running install
[1.426s] running install_lib
[1.429s] copying /home/raspb/Desktop/TrafficSenseAI/build/traffic_light_robot/build/lib/traffic_light_robot/visualizer_node.py -> /home/raspb/Desktop/TrafficSenseAI/install/traffic_light_robot/lib/python3.10/site-packages/traffic_light_robot
[1.430s] copying /home/raspb/Desktop/TrafficSenseAI/build/traffic_light_robot/build/lib/traffic_light_robot/Vis_Hybrid.py -> /home/raspb/Desktop/TrafficSenseAI/install/traffic_light_robot/lib/python3.10/site-packages/traffic_light_robot
[1.433s] byte-compiling /home/raspb/Desktop/TrafficSenseAI/install/traffic_light_robot/lib/python3.10/site-packages/traffic_light_robot/visualizer_node.py to visualizer_node.cpython-310.pyc
[1.449s] byte-compiling /home/raspb/Desktop/TrafficSenseAI/install/traffic_light_robot/lib/python3.10/site-packages/traffic_light_robot/Vis_Hybrid.py to Vis_Hybrid.cpython-310.pyc
[1.449s] running install_data
[1.449s] running install_egg_info
[1.451s] removing '/home/raspb/Desktop/TrafficSenseAI/install/traffic_light_robot/lib/python3.10/site-packages/traffic_light_robot-0.0.1-py3.10.egg-info' (and everything under it)
[1.452s] Copying ../../build/traffic_light_robot/traffic_light_robot.egg-info to /home/raspb/Desktop/TrafficSenseAI/install/traffic_light_robot/lib/python3.10/site-packages/traffic_light_robot-0.0.1-py3.10.egg-info
[1.454s] running install_scripts
[1.501s] Installing controller_node script to /home/raspb/Desktop/TrafficSenseAI/install/traffic_light_robot/lib/traffic_light_robot
[1.503s] Installing detector_node script to /home/raspb/Desktop/TrafficSenseAI/install/traffic_light_robot/lib/traffic_light_robot
[1.503s] Installing pid_tuner script to /home/raspb/Desktop/TrafficSenseAI/install/traffic_light_robot/lib/traffic_light_robot
[1.504s] Installing rviz_visu script to /home/raspb/Desktop/TrafficSenseAI/install/traffic_light_robot/lib/traffic_light_robot
[1.504s] Installing visualizer_node script to /home/raspb/Desktop/TrafficSenseAI/install/traffic_light_robot/lib/traffic_light_robot
[1.505s] writing list of installed files to '/home/raspb/Desktop/TrafficSenseAI/build/traffic_light_robot/install.log'
[1.563s] Invoked command in '/home/raspb/Desktop/TrafficSenseAI/src/traffic_light_robot' returned '0': PYTHONPATH=/home/raspb/Desktop/TrafficSenseAI/build/traffic_light_robot/prefix_override:/usr/lib/python3/dist-packages/colcon_core/task/python/colcon_distutils_commands:/home/raspb/Desktop/TrafficSenseAI/install/traffic_light_robot/lib/python3.10/site-packages:${PYTHONPATH} /usr/bin/python3 -W ignore:setup.py install is deprecated -W ignore:easy_install command is deprecated setup.py egg_info --egg-base ../../build/traffic_light_robot build --build-base /home/raspb/Desktop/TrafficSenseAI/build/traffic_light_robot/build install --record /home/raspb/Desktop/TrafficSenseAI/build/traffic_light_robot/install.log --single-version-externally-managed install_data
