[0.585s] Invoking command in '/home/raspb/Desktop/TrafficSenseAI/src/traffic_light_robot': PYTHONPATH=/home/raspb/Desktop/TrafficSenseAI/build/traffic_light_robot/prefix_override:/usr/lib/python3/dist-packages/colcon_core/task/python/colcon_distutils_commands:/home/raspb/Desktop/TrafficSenseAI/install/traffic_light_robot/lib/python3.10/site-packages:${PYTHONPATH} /usr/bin/python3 -W ignore:setup.py install is deprecated -W ignore:easy_install command is deprecated setup.py egg_info --egg-base ../../build/traffic_light_robot build --build-base /home/raspb/Desktop/TrafficSenseAI/build/traffic_light_robot/build install --record /home/raspb/Desktop/TrafficSenseAI/build/traffic_light_robot/install.log --single-version-externally-managed install_data
[0.809s] running egg_info
[0.811s] writing ../../build/traffic_light_robot/traffic_light_robot.egg-info/PKG-INFO
[0.811s] writing dependency_links to ../../build/traffic_light_robot/traffic_light_robot.egg-info/dependency_links.txt
[0.811s] writing entry points to ../../build/traffic_light_robot/traffic_light_robot.egg-info/entry_points.txt
[0.812s] writing requirements to ../../build/traffic_light_robot/traffic_light_robot.egg-info/requires.txt
[0.812s] writing top-level names to ../../build/traffic_light_robot/traffic_light_robot.egg-info/top_level.txt
[0.813s] reading manifest file '../../build/traffic_light_robot/traffic_light_robot.egg-info/SOURCES.txt'
[0.814s] writing manifest file '../../build/traffic_light_robot/traffic_light_robot.egg-info/SOURCES.txt'
[0.815s] running build
[0.815s] running build_py
[0.816s] running install
[0.816s] running install_lib
[0.818s] running install_data
[0.818s] running install_egg_info
[0.819s] removing '/home/raspb/Desktop/TrafficSenseAI/install/traffic_light_robot/lib/python3.10/site-packages/traffic_light_robot-0.0.1-py3.10.egg-info' (and everything under it)
[0.820s] Copying ../../build/traffic_light_robot/traffic_light_robot.egg-info to /home/raspb/Desktop/TrafficSenseAI/install/traffic_light_robot/lib/python3.10/site-packages/traffic_light_robot-0.0.1-py3.10.egg-info
[0.821s] running install_scripts
[0.845s] Installing camera_debug script to /home/raspb/Desktop/TrafficSenseAI/install/traffic_light_robot/lib/traffic_light_robot
[0.845s] Installing controller_node script to /home/raspb/Desktop/TrafficSenseAI/install/traffic_light_robot/lib/traffic_light_robot
[0.846s] Installing detector_node script to /home/raspb/Desktop/TrafficSenseAI/install/traffic_light_robot/lib/traffic_light_robot
[0.846s] Installing hsv_auto_tuner script to /home/raspb/Desktop/TrafficSenseAI/install/traffic_light_robot/lib/traffic_light_robot
[0.846s] Installing hsv_tuner_node script to /home/raspb/Desktop/TrafficSenseAI/install/traffic_light_robot/lib/traffic_light_robot
[0.846s] Installing pid_tuner script to /home/raspb/Desktop/TrafficSenseAI/install/traffic_light_robot/lib/traffic_light_robot
[0.846s] Installing rviz_visu script to /home/raspb/Desktop/TrafficSenseAI/install/traffic_light_robot/lib/traffic_light_robot
[0.848s] Installing traffic_light_detector script to /home/raspb/Desktop/TrafficSenseAI/install/traffic_light_robot/lib/traffic_light_robot
[0.848s] Installing traffic_light_detector_v2 script to /home/raspb/Desktop/TrafficSenseAI/install/traffic_light_robot/lib/traffic_light_robot
[0.849s] Installing visualizer_node script to /home/raspb/Desktop/TrafficSenseAI/install/traffic_light_robot/lib/traffic_light_robot
[0.849s] writing list of installed files to '/home/raspb/Desktop/TrafficSenseAI/build/traffic_light_robot/install.log'
[0.873s] Invoked command in '/home/raspb/Desktop/TrafficSenseAI/src/traffic_light_robot' returned '0': PYTHONPATH=/home/raspb/Desktop/TrafficSenseAI/build/traffic_light_robot/prefix_override:/usr/lib/python3/dist-packages/colcon_core/task/python/colcon_distutils_commands:/home/raspb/Desktop/TrafficSenseAI/install/traffic_light_robot/lib/python3.10/site-packages:${PYTHONPATH} /usr/bin/python3 -W ignore:setup.py install is deprecated -W ignore:easy_install command is deprecated setup.py egg_info --egg-base ../../build/traffic_light_robot build --build-base /home/raspb/Desktop/TrafficSenseAI/build/traffic_light_robot/build install --record /home/raspb/Desktop/TrafficSenseAI/build/traffic_light_robot/install.log --single-version-externally-managed install_data
