[0.108s] DEBUG:colcon:Command line arguments: ['/usr/bin/colcon', 'build', '--symlink-install']
[0.108s] DEBUG:colcon:Parsed command line arguments: Namespace(log_base=None, log_level=None, verb_name='build', build_base='build', install_base='install', merge_install=False, symlink_install=True, test_result_base=None, continue_on_error=False, executor='parallel', parallel_workers=5, event_handlers=None, ignore_user_meta=False, metas=['./colcon.meta'], base_paths=['.'], packages_ignore=None, packages_ignore_regex=None, paths=None, packages_up_to=None, packages_up_to_regex=None, packages_above=None, packages_above_and_dependencies=None, packages_above_depth=None, packages_select_by_dep=None, packages_skip_by_dep=None, packages_skip_up_to=None, packages_select_build_failed=False, packages_skip_build_finished=False, packages_select_test_failures=False, packages_skip_test_passed=False, packages_select=None, packages_skip=None, packages_select_regex=None, packages_skip_regex=None, packages_start=None, packages_end=None, allow_overriding=[], cmake_args=None, cmake_target=None, cmake_target_skip_unavailable=False, cmake_clean_cache=False, cmake_clean_first=False, cmake_force_configure=False, ament_cmake_args=None, catkin_cmake_args=None, catkin_skip_building_tests=False, verb_parser=<colcon_defaults.argument_parser.defaults.DefaultArgumentsDecorator object at 0x7101759e3a00>, verb_extension=<colcon_core.verb.build.BuildVerb object at 0x710175b78f10>, main=<bound method BuildVerb.main of <colcon_core.verb.build.BuildVerb object at 0x710175b78f10>>)
[0.269s] Level 1:colcon.colcon_core.package_discovery:discover_packages(colcon_meta) check parameters
[0.269s] Level 1:colcon.colcon_core.package_discovery:discover_packages(recursive) check parameters
[0.269s] Level 1:colcon.colcon_core.package_discovery:discover_packages(ignore) check parameters
[0.269s] Level 1:colcon.colcon_core.package_discovery:discover_packages(path) check parameters
[0.269s] Level 1:colcon.colcon_core.package_discovery:discover_packages(colcon_meta) discover
[0.269s] Level 1:colcon.colcon_core.package_discovery:discover_packages(recursive) discover
[0.269s] INFO:colcon.colcon_core.package_discovery:Crawling recursively for packages in '/home/raspb/Desktop/TrafficSenseAI'
[0.270s] Level 1:colcon.colcon_core.package_identification:_identify(.) by extensions ['ignore', 'ignore_ament_install']
[0.270s] Level 1:colcon.colcon_core.package_identification:_identify(.) by extension 'ignore'
[0.270s] Level 1:colcon.colcon_core.package_identification:_identify(.) by extension 'ignore_ament_install'
[0.270s] Level 1:colcon.colcon_core.package_identification:_identify(.) by extensions ['colcon_pkg']
[0.270s] Level 1:colcon.colcon_core.package_identification:_identify(.) by extension 'colcon_pkg'
[0.270s] Level 1:colcon.colcon_core.package_identification:_identify(.) by extensions ['colcon_meta']
[0.270s] Level 1:colcon.colcon_core.package_identification:_identify(.) by extension 'colcon_meta'
[0.270s] Level 1:colcon.colcon_core.package_identification:_identify(.) by extensions ['ros']
[0.270s] Level 1:colcon.colcon_core.package_identification:_identify(.) by extension 'ros'
[0.280s] Level 1:colcon.colcon_core.package_identification:_identify(.) by extensions ['cmake', 'python']
[0.280s] Level 1:colcon.colcon_core.package_identification:_identify(.) by extension 'cmake'
[0.280s] Level 1:colcon.colcon_core.package_identification:_identify(.) by extension 'python'
[0.280s] Level 1:colcon.colcon_core.package_identification:_identify(.) by extensions ['python_setup_py']
[0.280s] Level 1:colcon.colcon_core.package_identification:_identify(.) by extension 'python_setup_py'
[0.281s] Level 1:colcon.colcon_core.package_identification:_identify(build) by extensions ['ignore', 'ignore_ament_install']
[0.281s] Level 1:colcon.colcon_core.package_identification:_identify(build) by extension 'ignore'
[0.281s] Level 1:colcon.colcon_core.package_identification:_identify(build) ignored
[0.281s] Level 1:colcon.colcon_core.package_identification:_identify(install) by extensions ['ignore', 'ignore_ament_install']
[0.281s] Level 1:colcon.colcon_core.package_identification:_identify(install) by extension 'ignore'
[0.281s] Level 1:colcon.colcon_core.package_identification:_identify(install) ignored
[0.281s] Level 1:colcon.colcon_core.package_identification:_identify(log) by extensions ['ignore', 'ignore_ament_install']
[0.281s] Level 1:colcon.colcon_core.package_identification:_identify(log) by extension 'ignore'
[0.281s] Level 1:colcon.colcon_core.package_identification:_identify(log) ignored
[0.281s] Level 1:colcon.colcon_core.package_identification:_identify(src) by extensions ['ignore', 'ignore_ament_install']
[0.281s] Level 1:colcon.colcon_core.package_identification:_identify(src) by extension 'ignore'
[0.281s] Level 1:colcon.colcon_core.package_identification:_identify(src) by extension 'ignore_ament_install'
[0.281s] Level 1:colcon.colcon_core.package_identification:_identify(src) by extensions ['colcon_pkg']
[0.281s] Level 1:colcon.colcon_core.package_identification:_identify(src) by extension 'colcon_pkg'
[0.281s] Level 1:colcon.colcon_core.package_identification:_identify(src) by extensions ['colcon_meta']
[0.281s] Level 1:colcon.colcon_core.package_identification:_identify(src) by extension 'colcon_meta'
[0.281s] Level 1:colcon.colcon_core.package_identification:_identify(src) by extensions ['ros']
[0.281s] Level 1:colcon.colcon_core.package_identification:_identify(src) by extension 'ros'
[0.281s] Level 1:colcon.colcon_core.package_identification:_identify(src) by extensions ['cmake', 'python']
[0.281s] Level 1:colcon.colcon_core.package_identification:_identify(src) by extension 'cmake'
[0.281s] Level 1:colcon.colcon_core.package_identification:_identify(src) by extension 'python'
[0.282s] Level 1:colcon.colcon_core.package_identification:_identify(src) by extensions ['python_setup_py']
[0.282s] Level 1:colcon.colcon_core.package_identification:_identify(src) by extension 'python_setup_py'
[0.282s] Level 1:colcon.colcon_core.package_identification:_identify(src/robot_description) by extensions ['ignore', 'ignore_ament_install']
[0.282s] Level 1:colcon.colcon_core.package_identification:_identify(src/robot_description) by extension 'ignore'
[0.282s] Level 1:colcon.colcon_core.package_identification:_identify(src/robot_description) by extension 'ignore_ament_install'
[0.282s] Level 1:colcon.colcon_core.package_identification:_identify(src/robot_description) by extensions ['colcon_pkg']
[0.282s] Level 1:colcon.colcon_core.package_identification:_identify(src/robot_description) by extension 'colcon_pkg'
[0.282s] Level 1:colcon.colcon_core.package_identification:_identify(src/robot_description) by extensions ['colcon_meta']
[0.282s] Level 1:colcon.colcon_core.package_identification:_identify(src/robot_description) by extension 'colcon_meta'
[0.282s] Level 1:colcon.colcon_core.package_identification:_identify(src/robot_description) by extensions ['ros']
[0.282s] Level 1:colcon.colcon_core.package_identification:_identify(src/robot_description) by extension 'ros'
[0.285s] DEBUG:colcon.colcon_core.package_identification:Package 'src/robot_description' with type 'ros.ament_cmake' and name 'robot_description'
[0.286s] Level 1:colcon.colcon_core.package_identification:_identify(src/traffic_light_robot) by extensions ['ignore', 'ignore_ament_install']
[0.286s] Level 1:colcon.colcon_core.package_identification:_identify(src/traffic_light_robot) by extension 'ignore'
[0.286s] Level 1:colcon.colcon_core.package_identification:_identify(src/traffic_light_robot) by extension 'ignore_ament_install'
[0.286s] Level 1:colcon.colcon_core.package_identification:_identify(src/traffic_light_robot) by extensions ['colcon_pkg']
[0.286s] Level 1:colcon.colcon_core.package_identification:_identify(src/traffic_light_robot) by extension 'colcon_pkg'
[0.286s] Level 1:colcon.colcon_core.package_identification:_identify(src/traffic_light_robot) by extensions ['colcon_meta']
[0.286s] Level 1:colcon.colcon_core.package_identification:_identify(src/traffic_light_robot) by extension 'colcon_meta'
[0.286s] Level 1:colcon.colcon_core.package_identification:_identify(src/traffic_light_robot) by extensions ['ros']
[0.286s] Level 1:colcon.colcon_core.package_identification:_identify(src/traffic_light_robot) by extension 'ros'
[0.287s] DEBUG:colcon.colcon_core.package_identification:Package 'src/traffic_light_robot' with type 'ros.ament_python' and name 'traffic_light_robot'
[0.287s] Level 1:colcon.colcon_core.package_discovery:discover_packages(recursive) using defaults
[0.287s] Level 1:colcon.colcon_core.package_discovery:discover_packages(ignore) discover
[0.287s] Level 1:colcon.colcon_core.package_discovery:discover_packages(ignore) using defaults
[0.287s] Level 1:colcon.colcon_core.package_discovery:discover_packages(path) discover
[0.287s] Level 1:colcon.colcon_core.package_discovery:discover_packages(path) using defaults
[0.306s] Level 1:colcon.colcon_core.package_discovery:discover_packages(prefix_path) check parameters
[0.306s] Level 1:colcon.colcon_core.package_discovery:discover_packages(prefix_path) discover
[0.307s] WARNING:colcon.colcon_ros.prefix_path.ament:The path '/home/raspb/Desktop/TrafficSenseAI/install/traffic_light_robot' in the environment variable AMENT_PREFIX_PATH doesn't exist
[0.307s] WARNING:colcon.colcon_ros.prefix_path.ament:The path '/home/raspb/Desktop/TrafficSenseAI/install/robot_description' in the environment variable AMENT_PREFIX_PATH doesn't exist
[0.308s] WARNING:colcon.colcon_ros.prefix_path.catkin:The path '/home/raspb/Desktop/TrafficSenseAI/install/robot_description' in the environment variable CMAKE_PREFIX_PATH doesn't exist
[0.309s] DEBUG:colcon.colcon_installed_package_information.package_discovery:Found 0 installed packages in /home/raspb/Desktop/TrafficSenseAI/install
[0.309s] DEBUG:colcon.colcon_installed_package_information.package_discovery:Found 1 installed packages in /home/raspb/ros_ws/install
[0.311s] DEBUG:colcon.colcon_installed_package_information.package_discovery:Found 317 installed packages in /opt/ros/humble
[0.323s] Level 1:colcon.colcon_core.package_discovery:discover_packages(prefix_path) using defaults
[0.364s] Level 5:colcon.colcon_core.verb:set package 'robot_description' build argument 'cmake_args' from command line to 'None'
[0.364s] Level 5:colcon.colcon_core.verb:set package 'robot_description' build argument 'cmake_target' from command line to 'None'
[0.364s] Level 5:colcon.colcon_core.verb:set package 'robot_description' build argument 'cmake_target_skip_unavailable' from command line to 'False'
[0.364s] Level 5:colcon.colcon_core.verb:set package 'robot_description' build argument 'cmake_clean_cache' from command line to 'False'
[0.364s] Level 5:colcon.colcon_core.verb:set package 'robot_description' build argument 'cmake_clean_first' from command line to 'False'
[0.364s] Level 5:colcon.colcon_core.verb:set package 'robot_description' build argument 'cmake_force_configure' from command line to 'False'
[0.364s] Level 5:colcon.colcon_core.verb:set package 'robot_description' build argument 'ament_cmake_args' from command line to 'None'
[0.365s] Level 5:colcon.colcon_core.verb:set package 'robot_description' build argument 'catkin_cmake_args' from command line to 'None'
[0.365s] Level 5:colcon.colcon_core.verb:set package 'robot_description' build argument 'catkin_skip_building_tests' from command line to 'False'
[0.365s] DEBUG:colcon.colcon_core.verb:Building package 'robot_description' with the following arguments: {'ament_cmake_args': None, 'build_base': '/home/raspb/Desktop/TrafficSenseAI/build/robot_description', 'catkin_cmake_args': None, 'catkin_skip_building_tests': False, 'cmake_args': None, 'cmake_clean_cache': False, 'cmake_clean_first': False, 'cmake_force_configure': False, 'cmake_target': None, 'cmake_target_skip_unavailable': False, 'install_base': '/home/raspb/Desktop/TrafficSenseAI/install/robot_description', 'merge_install': False, 'path': '/home/raspb/Desktop/TrafficSenseAI/src/robot_description', 'symlink_install': True, 'test_result_base': None}
[0.365s] Level 5:colcon.colcon_core.verb:set package 'traffic_light_robot' build argument 'cmake_args' from command line to 'None'
[0.365s] Level 5:colcon.colcon_core.verb:set package 'traffic_light_robot' build argument 'cmake_target' from command line to 'None'
[0.365s] Level 5:colcon.colcon_core.verb:set package 'traffic_light_robot' build argument 'cmake_target_skip_unavailable' from command line to 'False'
[0.365s] Level 5:colcon.colcon_core.verb:set package 'traffic_light_robot' build argument 'cmake_clean_cache' from command line to 'False'
[0.365s] Level 5:colcon.colcon_core.verb:set package 'traffic_light_robot' build argument 'cmake_clean_first' from command line to 'False'
[0.365s] Level 5:colcon.colcon_core.verb:set package 'traffic_light_robot' build argument 'cmake_force_configure' from command line to 'False'
[0.365s] Level 5:colcon.colcon_core.verb:set package 'traffic_light_robot' build argument 'ament_cmake_args' from command line to 'None'
[0.365s] Level 5:colcon.colcon_core.verb:set package 'traffic_light_robot' build argument 'catkin_cmake_args' from command line to 'None'
[0.365s] Level 5:colcon.colcon_core.verb:set package 'traffic_light_robot' build argument 'catkin_skip_building_tests' from command line to 'False'
[0.365s] DEBUG:colcon.colcon_core.verb:Building package 'traffic_light_robot' with the following arguments: {'ament_cmake_args': None, 'build_base': '/home/raspb/Desktop/TrafficSenseAI/build/traffic_light_robot', 'catkin_cmake_args': None, 'catkin_skip_building_tests': False, 'cmake_args': None, 'cmake_clean_cache': False, 'cmake_clean_first': False, 'cmake_force_configure': False, 'cmake_target': None, 'cmake_target_skip_unavailable': False, 'install_base': '/home/raspb/Desktop/TrafficSenseAI/install/traffic_light_robot', 'merge_install': False, 'path': '/home/raspb/Desktop/TrafficSenseAI/src/traffic_light_robot', 'symlink_install': True, 'test_result_base': None}
[0.366s] INFO:colcon.colcon_core.executor:Executing jobs using 'parallel' executor
[0.367s] DEBUG:colcon.colcon_parallel_executor.executor.parallel:run_until_complete
[0.368s] INFO:colcon.colcon_ros.task.ament_cmake.build:Building ROS package in '/home/raspb/Desktop/TrafficSenseAI/src/robot_description' with build type 'ament_cmake'
[0.368s] INFO:colcon.colcon_cmake.task.cmake.build:Building CMake package in '/home/raspb/Desktop/TrafficSenseAI/src/robot_description'
[0.371s] INFO:colcon.colcon_core.plugin_system:Skipping extension 'colcon_core.shell.bat': Not used on non-Windows systems
[0.371s] INFO:colcon.colcon_core.shell:Skip shell extension 'powershell' for command environment: Not usable outside of PowerShell
[0.371s] DEBUG:colcon.colcon_core.shell:Skip shell extension 'dsv' for command environment
[0.375s] INFO:colcon.colcon_ros.task.ament_python.build:Building ROS package in '/home/raspb/Desktop/TrafficSenseAI/src/traffic_light_robot' with build type 'ament_python'
[0.376s] Level 1:colcon.colcon_core.shell:create_environment_hook('traffic_light_robot', 'ament_prefix_path')
[0.376s] INFO:colcon.colcon_core.shell:Creating environment hook '/home/raspb/Desktop/TrafficSenseAI/install/traffic_light_robot/share/traffic_light_robot/hook/ament_prefix_path.ps1'
[0.377s] INFO:colcon.colcon_core.shell:Creating environment descriptor '/home/raspb/Desktop/TrafficSenseAI/install/traffic_light_robot/share/traffic_light_robot/hook/ament_prefix_path.dsv'
[0.377s] INFO:colcon.colcon_core.shell:Creating environment hook '/home/raspb/Desktop/TrafficSenseAI/install/traffic_light_robot/share/traffic_light_robot/hook/ament_prefix_path.sh'
[0.377s] INFO:colcon.colcon_core.shell:Skip shell extension 'powershell' for command environment: Not usable outside of PowerShell
[0.377s] DEBUG:colcon.colcon_core.shell:Skip shell extension 'dsv' for command environment
[0.391s] DEBUG:colcon.colcon_core.event_handler.log_command:Invoking command in '/home/raspb/Desktop/TrafficSenseAI/build/robot_description': CMAKE_PREFIX_PATH=${CMAKE_PREFIX_PATH}:/home/raspb/Desktop/TrafficSenseAI/install/traffic_light_robot:/opt/ros/humble /usr/bin/cmake /home/raspb/Desktop/TrafficSenseAI/src/robot_description -DAMENT_CMAKE_SYMLINK_INSTALL=1 -DCMAKE_INSTALL_PREFIX=/home/raspb/Desktop/TrafficSenseAI/install/robot_description
[0.668s] INFO:colcon.colcon_core.task.python.build:Building Python package in '/home/raspb/Desktop/TrafficSenseAI/src/traffic_light_robot'
[0.668s] INFO:colcon.colcon_core.shell:Skip shell extension 'powershell' for command environment: Not usable outside of PowerShell
[0.668s] DEBUG:colcon.colcon_core.shell:Skip shell extension 'dsv' for command environment
[1.098s] DEBUG:colcon.colcon_core.event_handler.log_command:Invoking command in '/home/raspb/Desktop/TrafficSenseAI/build/traffic_light_robot': PYTHONPATH=/home/raspb/Desktop/TrafficSenseAI/build/traffic_light_robot/prefix_override:/usr/lib/python3/dist-packages/colcon_core/task/python/colcon_distutils_commands:/home/raspb/Desktop/TrafficSenseAI/install/traffic_light_robot/lib/python3.10/site-packages:${PYTHONPATH} /usr/bin/python3 -W ignore:setup.py install is deprecated -W ignore:easy_install command is deprecated setup.py develop --editable --build-directory /home/raspb/Desktop/TrafficSenseAI/build/traffic_light_robot/build --no-deps symlink_data
[1.258s] DEBUG:colcon.colcon_core.event_handler.log_command:Invoked command in '/home/raspb/Desktop/TrafficSenseAI/build/robot_description' returned '0': CMAKE_PREFIX_PATH=${CMAKE_PREFIX_PATH}:/home/raspb/Desktop/TrafficSenseAI/install/traffic_light_robot:/opt/ros/humble /usr/bin/cmake /home/raspb/Desktop/TrafficSenseAI/src/robot_description -DAMENT_CMAKE_SYMLINK_INSTALL=1 -DCMAKE_INSTALL_PREFIX=/home/raspb/Desktop/TrafficSenseAI/install/robot_description
[1.259s] DEBUG:colcon.colcon_core.event_handler.log_command:Invoking command in '/home/raspb/Desktop/TrafficSenseAI/build/robot_description': CMAKE_PREFIX_PATH=${CMAKE_PREFIX_PATH}:/home/raspb/Desktop/TrafficSenseAI/install/traffic_light_robot:/opt/ros/humble /usr/bin/cmake --build /home/raspb/Desktop/TrafficSenseAI/build/robot_description -- -j5 -l5
[1.329s] DEBUG:colcon.colcon_core.event_handler.log_command:Invoked command in '/home/raspb/Desktop/TrafficSenseAI/build/robot_description' returned '0': CMAKE_PREFIX_PATH=${CMAKE_PREFIX_PATH}:/home/raspb/Desktop/TrafficSenseAI/install/traffic_light_robot:/opt/ros/humble /usr/bin/cmake --build /home/raspb/Desktop/TrafficSenseAI/build/robot_description -- -j5 -l5
[1.353s] DEBUG:colcon.colcon_core.event_handler.log_command:Invoking command in '/home/raspb/Desktop/TrafficSenseAI/build/robot_description': CMAKE_PREFIX_PATH=${CMAKE_PREFIX_PATH}:/home/raspb/Desktop/TrafficSenseAI/install/traffic_light_robot:/opt/ros/humble /usr/bin/cmake --install /home/raspb/Desktop/TrafficSenseAI/build/robot_description
[1.634s] Level 1:colcon.colcon_core.shell:create_environment_hook('traffic_light_robot', 'pythonpath_develop')
[1.634s] INFO:colcon.colcon_core.shell:Creating environment hook '/home/raspb/Desktop/TrafficSenseAI/build/traffic_light_robot/share/traffic_light_robot/hook/pythonpath_develop.ps1'
[1.635s] DEBUG:colcon.colcon_core.event_handler.log_command:Invoked command in '/home/raspb/Desktop/TrafficSenseAI/build/traffic_light_robot' returned '0': PYTHONPATH=/home/raspb/Desktop/TrafficSenseAI/build/traffic_light_robot/prefix_override:/usr/lib/python3/dist-packages/colcon_core/task/python/colcon_distutils_commands:/home/raspb/Desktop/TrafficSenseAI/install/traffic_light_robot/lib/python3.10/site-packages:${PYTHONPATH} /usr/bin/python3 -W ignore:setup.py install is deprecated -W ignore:easy_install command is deprecated setup.py develop --editable --build-directory /home/raspb/Desktop/TrafficSenseAI/build/traffic_light_robot/build --no-deps symlink_data
[1.636s] INFO:colcon.colcon_core.shell:Creating environment descriptor '/home/raspb/Desktop/TrafficSenseAI/build/traffic_light_robot/share/traffic_light_robot/hook/pythonpath_develop.dsv'
[1.637s] INFO:colcon.colcon_core.shell:Creating environment hook '/home/raspb/Desktop/TrafficSenseAI/build/traffic_light_robot/share/traffic_light_robot/hook/pythonpath_develop.sh'
[1.639s] Level 1:colcon.colcon_core.environment:checking '/home/raspb/Desktop/TrafficSenseAI/install/traffic_light_robot' for CMake module files
[1.640s] Level 1:colcon.colcon_core.environment:checking '/home/raspb/Desktop/TrafficSenseAI/install/traffic_light_robot' for CMake config files
[1.640s] Level 1:colcon.colcon_core.environment:checking '/home/raspb/Desktop/TrafficSenseAI/install/traffic_light_robot/lib'
[1.640s] Level 1:colcon.colcon_core.environment:checking '/home/raspb/Desktop/TrafficSenseAI/install/traffic_light_robot/bin'
[1.640s] Level 1:colcon.colcon_core.environment:checking '/home/raspb/Desktop/TrafficSenseAI/install/traffic_light_robot/lib/pkgconfig/traffic_light_robot.pc'
[1.640s] Level 1:colcon.colcon_core.environment:checking '/home/raspb/Desktop/TrafficSenseAI/install/traffic_light_robot/lib/python3.10/site-packages'
[1.641s] Level 1:colcon.colcon_core.shell:create_environment_hook('traffic_light_robot', 'pythonpath')
[1.641s] INFO:colcon.colcon_core.shell:Creating environment hook '/home/raspb/Desktop/TrafficSenseAI/install/traffic_light_robot/share/traffic_light_robot/hook/pythonpath.ps1'
[1.641s] INFO:colcon.colcon_core.shell:Creating environment descriptor '/home/raspb/Desktop/TrafficSenseAI/install/traffic_light_robot/share/traffic_light_robot/hook/pythonpath.dsv'
[1.641s] INFO:colcon.colcon_core.shell:Creating environment hook '/home/raspb/Desktop/TrafficSenseAI/install/traffic_light_robot/share/traffic_light_robot/hook/pythonpath.sh'
[1.642s] Level 1:colcon.colcon_core.environment:checking '/home/raspb/Desktop/TrafficSenseAI/install/traffic_light_robot/bin'
[1.642s] Level 1:colcon.colcon_core.environment:create_environment_scripts_only(traffic_light_robot)
[1.642s] INFO:colcon.colcon_core.shell:Creating package script '/home/raspb/Desktop/TrafficSenseAI/install/traffic_light_robot/share/traffic_light_robot/package.ps1'
[1.645s] INFO:colcon.colcon_core.shell:Creating package descriptor '/home/raspb/Desktop/TrafficSenseAI/install/traffic_light_robot/share/traffic_light_robot/package.dsv'
[1.645s] INFO:colcon.colcon_core.shell:Creating package script '/home/raspb/Desktop/TrafficSenseAI/install/traffic_light_robot/share/traffic_light_robot/package.sh'
[1.646s] INFO:colcon.colcon_core.shell:Creating package script '/home/raspb/Desktop/TrafficSenseAI/install/traffic_light_robot/share/traffic_light_robot/package.bash'
[1.646s] INFO:colcon.colcon_core.shell:Creating package script '/home/raspb/Desktop/TrafficSenseAI/install/traffic_light_robot/share/traffic_light_robot/package.zsh'
[1.647s] Level 1:colcon.colcon_core.environment:create_file_with_runtime_dependencies(/home/raspb/Desktop/TrafficSenseAI/install/traffic_light_robot/share/colcon-core/packages/traffic_light_robot)
[1.649s] Level 1:colcon.colcon_core.environment:create_environment_scripts_only(robot_description)
[1.649s] Level 1:colcon.colcon_core.environment:checking '/home/raspb/Desktop/TrafficSenseAI/install/robot_description' for CMake module files
[1.651s] DEBUG:colcon.colcon_core.event_handler.log_command:Invoked command in '/home/raspb/Desktop/TrafficSenseAI/build/robot_description' returned '0': CMAKE_PREFIX_PATH=${CMAKE_PREFIX_PATH}:/home/raspb/Desktop/TrafficSenseAI/install/traffic_light_robot:/opt/ros/humble /usr/bin/cmake --install /home/raspb/Desktop/TrafficSenseAI/build/robot_description
[1.651s] Level 1:colcon.colcon_core.environment:checking '/home/raspb/Desktop/TrafficSenseAI/install/robot_description' for CMake config files
[1.651s] Level 1:colcon.colcon_core.shell:create_environment_hook('robot_description', 'cmake_prefix_path')
[1.652s] INFO:colcon.colcon_core.shell:Creating environment hook '/home/raspb/Desktop/TrafficSenseAI/install/robot_description/share/robot_description/hook/cmake_prefix_path.ps1'
[1.652s] INFO:colcon.colcon_core.shell:Creating environment descriptor '/home/raspb/Desktop/TrafficSenseAI/install/robot_description/share/robot_description/hook/cmake_prefix_path.dsv'
[1.653s] INFO:colcon.colcon_core.shell:Creating environment hook '/home/raspb/Desktop/TrafficSenseAI/install/robot_description/share/robot_description/hook/cmake_prefix_path.sh'
[1.653s] Level 1:colcon.colcon_core.environment:checking '/home/raspb/Desktop/TrafficSenseAI/install/robot_description/bin'
[1.653s] Level 1:colcon.colcon_core.environment:checking '/home/raspb/Desktop/TrafficSenseAI/install/robot_description/lib/pkgconfig/robot_description.pc'
[1.654s] Level 1:colcon.colcon_core.environment:checking '/home/raspb/Desktop/TrafficSenseAI/install/robot_description/lib/python3.10/site-packages'
[1.654s] Level 1:colcon.colcon_core.environment:checking '/home/raspb/Desktop/TrafficSenseAI/install/robot_description/bin'
[1.655s] INFO:colcon.colcon_core.shell:Creating package script '/home/raspb/Desktop/TrafficSenseAI/install/robot_description/share/robot_description/package.ps1'
[1.655s] INFO:colcon.colcon_core.shell:Creating package descriptor '/home/raspb/Desktop/TrafficSenseAI/install/robot_description/share/robot_description/package.dsv'
[1.655s] INFO:colcon.colcon_core.shell:Creating package script '/home/raspb/Desktop/TrafficSenseAI/install/robot_description/share/robot_description/package.sh'
[1.656s] INFO:colcon.colcon_core.shell:Creating package script '/home/raspb/Desktop/TrafficSenseAI/install/robot_description/share/robot_description/package.bash'
[1.656s] INFO:colcon.colcon_core.shell:Creating package script '/home/raspb/Desktop/TrafficSenseAI/install/robot_description/share/robot_description/package.zsh'
[1.656s] Level 1:colcon.colcon_core.environment:create_file_with_runtime_dependencies(/home/raspb/Desktop/TrafficSenseAI/install/robot_description/share/colcon-core/packages/robot_description)
[1.657s] Level 1:colcon.colcon_core.environment:create_environment_scripts_only(robot_description)
[1.657s] Level 1:colcon.colcon_core.environment:checking '/home/raspb/Desktop/TrafficSenseAI/install/robot_description' for CMake module files
[1.658s] Level 1:colcon.colcon_core.environment:checking '/home/raspb/Desktop/TrafficSenseAI/install/robot_description' for CMake config files
[1.658s] Level 1:colcon.colcon_core.shell:create_environment_hook('robot_description', 'cmake_prefix_path')
[1.658s] INFO:colcon.colcon_core.shell:Creating environment hook '/home/raspb/Desktop/TrafficSenseAI/install/robot_description/share/robot_description/hook/cmake_prefix_path.ps1'
[1.659s] INFO:colcon.colcon_core.shell:Creating environment descriptor '/home/raspb/Desktop/TrafficSenseAI/install/robot_description/share/robot_description/hook/cmake_prefix_path.dsv'
[1.659s] INFO:colcon.colcon_core.shell:Creating environment hook '/home/raspb/Desktop/TrafficSenseAI/install/robot_description/share/robot_description/hook/cmake_prefix_path.sh'
[1.660s] Level 1:colcon.colcon_core.environment:checking '/home/raspb/Desktop/TrafficSenseAI/install/robot_description/bin'
[1.660s] Level 1:colcon.colcon_core.environment:checking '/home/raspb/Desktop/TrafficSenseAI/install/robot_description/lib/pkgconfig/robot_description.pc'
[1.660s] Level 1:colcon.colcon_core.environment:checking '/home/raspb/Desktop/TrafficSenseAI/install/robot_description/lib/python3.10/site-packages'
[1.661s] Level 1:colcon.colcon_core.environment:checking '/home/raspb/Desktop/TrafficSenseAI/install/robot_description/bin'
[1.661s] INFO:colcon.colcon_core.shell:Creating package script '/home/raspb/Desktop/TrafficSenseAI/install/robot_description/share/robot_description/package.ps1'
[1.662s] INFO:colcon.colcon_core.shell:Creating package descriptor '/home/raspb/Desktop/TrafficSenseAI/install/robot_description/share/robot_description/package.dsv'
[1.662s] INFO:colcon.colcon_core.shell:Creating package script '/home/raspb/Desktop/TrafficSenseAI/install/robot_description/share/robot_description/package.sh'
[1.663s] INFO:colcon.colcon_core.shell:Creating package script '/home/raspb/Desktop/TrafficSenseAI/install/robot_description/share/robot_description/package.bash'
[1.664s] INFO:colcon.colcon_core.shell:Creating package script '/home/raspb/Desktop/TrafficSenseAI/install/robot_description/share/robot_description/package.zsh'
[1.664s] Level 1:colcon.colcon_core.environment:create_file_with_runtime_dependencies(/home/raspb/Desktop/TrafficSenseAI/install/robot_description/share/colcon-core/packages/robot_description)
[1.665s] DEBUG:colcon.colcon_parallel_executor.executor.parallel:closing loop
[1.665s] DEBUG:colcon.colcon_parallel_executor.executor.parallel:loop closed
[1.665s] DEBUG:colcon.colcon_parallel_executor.executor.parallel:run_until_complete finished with '0'
[1.666s] DEBUG:colcon.colcon_core.event_reactor:joining thread
[1.673s] INFO:colcon.colcon_core.plugin_system:Skipping extension 'colcon_notification.desktop_notification.terminal_notifier': Not used on non-Darwin systems
[1.673s] INFO:colcon.colcon_core.plugin_system:Skipping extension 'colcon_notification.desktop_notification.win32': Not used on non-Windows systems
[1.673s] INFO:colcon.colcon_notification.desktop_notification:Sending desktop notification using 'notify2'
[1.691s] DEBUG:colcon.colcon_core.event_reactor:joined thread
[1.691s] INFO:colcon.colcon_core.shell:Creating prefix script '/home/raspb/Desktop/TrafficSenseAI/install/local_setup.ps1'
[1.693s] INFO:colcon.colcon_core.shell:Creating prefix util module '/home/raspb/Desktop/TrafficSenseAI/install/_local_setup_util_ps1.py'
[1.694s] INFO:colcon.colcon_core.shell:Creating prefix chain script '/home/raspb/Desktop/TrafficSenseAI/install/setup.ps1'
[1.695s] INFO:colcon.colcon_core.shell:Creating prefix script '/home/raspb/Desktop/TrafficSenseAI/install/local_setup.sh'
[1.695s] INFO:colcon.colcon_core.shell:Creating prefix util module '/home/raspb/Desktop/TrafficSenseAI/install/_local_setup_util_sh.py'
[1.696s] INFO:colcon.colcon_core.shell:Creating prefix chain script '/home/raspb/Desktop/TrafficSenseAI/install/setup.sh'
[1.698s] INFO:colcon.colcon_core.shell:Creating prefix script '/home/raspb/Desktop/TrafficSenseAI/install/local_setup.bash'
[1.698s] INFO:colcon.colcon_core.shell:Creating prefix chain script '/home/raspb/Desktop/TrafficSenseAI/install/setup.bash'
[1.700s] INFO:colcon.colcon_core.shell:Creating prefix script '/home/raspb/Desktop/TrafficSenseAI/install/local_setup.zsh'
[1.700s] INFO:colcon.colcon_core.shell:Creating prefix chain script '/home/raspb/Desktop/TrafficSenseAI/install/setup.zsh'
