[0.029s] Invoking command in '/root/robot_ws/build/robot_description': CMAKE_PREFIX_PATH=/opt/ros/humble /usr/bin/cmake /root/robot_ws/src/robot_description -DCMAKE_INSTALL_PREFIX=/root/robot_ws/install/robot_description
[0.287s] -- The C compiler identification is GNU 11.4.0
[0.460s] -- The CXX compiler identification is GNU 11.4.0
[0.483s] -- Detecting C compiler ABI info
[0.587s] -- Detecting C compiler ABI info - done
[0.594s] -- Check for working C compiler: /usr/bin/cc - skipped
[0.595s] -- Detecting C compile features
[0.597s] -- Detecting C compile features - done
[0.605s] -- Detecting CXX compiler ABI info
[0.733s] -- Detecting CXX compiler ABI info - done
[0.739s] -- Check for working CXX compiler: /usr/bin/c++ - skipped
[0.740s] -- Detecting CXX compile features
[0.741s] -- Detecting CXX compile features - done
[0.749s] -- Found ament_cmake: 1.3.12 (/opt/ros/humble/share/ament_cmake/cmake)
[0.924s] -- Found Python3: /usr/bin/python3 (found version "3.10.12") found components: Interpreter 
[1.086s] -- Found ament_lint_auto: 0.12.14 (/opt/ros/humble/share/ament_lint_auto/cmake)
[1.160s] -- Configuring done
[1.163s] -- Generating done
[1.165s] -- Build files have been written to: /root/robot_ws/build/robot_description
[1.174s] Invoked command in '/root/robot_ws/build/robot_description' returned '0': CMAKE_PREFIX_PATH=/opt/ros/humble /usr/bin/cmake /root/robot_ws/src/robot_description -DCMAKE_INSTALL_PREFIX=/root/robot_ws/install/robot_description
[1.174s] Invoking command in '/root/robot_ws/build/robot_description': CMAKE_PREFIX_PATH=/opt/ros/humble /usr/bin/cmake --build /root/robot_ws/build/robot_description -- -j5 -l5
[1.224s] Invoked command in '/root/robot_ws/build/robot_description' returned '0': CMAKE_PREFIX_PATH=/opt/ros/humble /usr/bin/cmake --build /root/robot_ws/build/robot_description -- -j5 -l5
[1.239s] Invoking command in '/root/robot_ws/build/robot_description': CMAKE_PREFIX_PATH=/opt/ros/humble /usr/bin/cmake --install /root/robot_ws/build/robot_description
[1.250s] -- Install configuration: ""
[1.250s] -- Installing: /root/robot_ws/install/robot_description/share/robot_description/urdf
[1.250s] -- Installing: /root/robot_ws/install/robot_description/share/robot_description/urdf/robot.xacro
[1.251s] -- Installing: /root/robot_ws/install/robot_description/share/robot_description/worlds
[1.251s] -- Installing: /root/robot_ws/install/robot_description/share/robot_description/worlds/traffic_world.world
[1.251s] -- Installing: /root/robot_ws/install/robot_description/share/robot_description/launch
[1.251s] -- Installing: /root/robot_ws/install/robot_description/share/robot_description/launch/gazebo.launch.py
[1.251s] -- Installing: /root/robot_ws/install/robot_description/share/robot_description/meshes
[1.252s] -- Installing: /root/robot_ws/install/robot_description/share/ament_index/resource_index/package_run_dependencies/robot_description
[1.252s] -- Installing: /root/robot_ws/install/robot_description/share/ament_index/resource_index/parent_prefix_path/robot_description
[1.253s] -- Installing: /root/robot_ws/install/robot_description/share/robot_description/environment/ament_prefix_path.sh
[1.253s] -- Installing: /root/robot_ws/install/robot_description/share/robot_description/environment/ament_prefix_path.dsv
[1.253s] -- Installing: /root/robot_ws/install/robot_description/share/robot_description/environment/path.sh
[1.253s] -- Installing: /root/robot_ws/install/robot_description/share/robot_description/environment/path.dsv
[1.253s] -- Installing: /root/robot_ws/install/robot_description/share/robot_description/local_setup.bash
[1.254s] -- Installing: /root/robot_ws/install/robot_description/share/robot_description/local_setup.sh
[1.254s] -- Installing: /root/robot_ws/install/robot_description/share/robot_description/local_setup.zsh
[1.254s] -- Installing: /root/robot_ws/install/robot_description/share/robot_description/local_setup.dsv
[1.254s] -- Installing: /root/robot_ws/install/robot_description/share/robot_description/package.dsv
[1.255s] -- Installing: /root/robot_ws/install/robot_description/share/ament_index/resource_index/packages/robot_description
[1.255s] -- Installing: /root/robot_ws/install/robot_description/share/robot_description/cmake/robot_descriptionConfig.cmake
[1.255s] -- Installing: /root/robot_ws/install/robot_description/share/robot_description/cmake/robot_descriptionConfig-version.cmake
[1.256s] -- Installing: /root/robot_ws/install/robot_description/share/robot_description/package.xml
[1.259s] Invoked command in '/root/robot_ws/build/robot_description' returned '0': CMAKE_PREFIX_PATH=/opt/ros/humble /usr/bin/cmake --install /root/robot_ws/build/robot_description
