-- The C compiler identification is GNU 11.4.0
-- The CXX compiler identification is GNU 11.4.0
-- Detecting C compiler ABI info
-- Detecting C compiler ABI info - done
-- Check for working C compiler: /usr/bin/cc - skipped
-- Detecting C compile features
-- Detecting C compile features - done
-- Detecting CXX compiler ABI info
-- Detecting CXX compiler ABI info - done
-- Check for working CXX compiler: /usr/bin/c++ - skipped
-- Detecting CXX compile features
-- Detecting CXX compile features - done
-- Found ament_cmake: 1.3.12 (/opt/ros/humble/share/ament_cmake/cmake)
-- Found Python3: /usr/bin/python3 (found version "3.10.12") found components: Interpreter 
-- Override CMake install command with custom implementation using symlinks instead of copying resources
-- Found ament_lint_auto: 0.12.14 (/opt/ros/humble/share/ament_lint_auto/cmake)
-- Configuring done
-- Generating done
-- Build files have been written to: /home/raspb/Desktop/TrafficSenseAI/build/robot_description
-- Install configuration: ""
-- Execute custom install script
-- Symlinking: /home/raspb/Desktop/TrafficSenseAI/install/robot_description/share/robot_description//launch/gazebo.launch.py
-- Symlinking: /home/raspb/Desktop/TrafficSenseAI/install/robot_description/share/robot_description//urdf/robot.urdf.xacro
-- Symlinking: /home/raspb/Desktop/TrafficSenseAI/install/robot_description/share/robot_description//worlds/traffic_world.world
-- Symlinking: /home/raspb/Desktop/TrafficSenseAI/install/robot_description/share/ament_index/resource_index/package_run_dependencies/robot_description
-- Symlinking: /home/raspb/Desktop/TrafficSenseAI/install/robot_description/share/ament_index/resource_index/parent_prefix_path/robot_description
-- Symlinking: /home/raspb/Desktop/TrafficSenseAI/install/robot_description/share/robot_description/environment/ament_prefix_path.sh
-- Symlinking: /home/raspb/Desktop/TrafficSenseAI/install/robot_description/share/robot_description/environment/ament_prefix_path.dsv
-- Symlinking: /home/raspb/Desktop/TrafficSenseAI/install/robot_description/share/robot_description/environment/path.sh
-- Symlinking: /home/raspb/Desktop/TrafficSenseAI/install/robot_description/share/robot_description/environment/path.dsv
-- Symlinking: /home/raspb/Desktop/TrafficSenseAI/install/robot_description/share/robot_description/local_setup.bash
-- Symlinking: /home/raspb/Desktop/TrafficSenseAI/install/robot_description/share/robot_description/local_setup.sh
-- Symlinking: /home/raspb/Desktop/TrafficSenseAI/install/robot_description/share/robot_description/local_setup.zsh
-- Symlinking: /home/raspb/Desktop/TrafficSenseAI/install/robot_description/share/robot_description/local_setup.dsv
-- Symlinking: /home/raspb/Desktop/TrafficSenseAI/install/robot_description/share/robot_description/package.dsv
-- Symlinking: /home/raspb/Desktop/TrafficSenseAI/install/robot_description/share/ament_index/resource_index/packages/robot_description
-- Symlinking: /home/raspb/Desktop/TrafficSenseAI/install/robot_description/share/robot_description/cmake/robot_descriptionConfig.cmake
-- Symlinking: /home/raspb/Desktop/TrafficSenseAI/install/robot_description/share/robot_description/cmake/robot_descriptionConfig-version.cmake
-- Symlinking: /home/raspb/Desktop/TrafficSenseAI/install/robot_description/share/robot_description/package.xml
