[0.021s] Invoking command in '/home/raspb/Desktop/TrafficSenseAI/build/robot_description': CMAKE_PREFIX_PATH=${CMAKE_PREFIX_PATH}:/home/raspb/Desktop/TrafficSenseAI/install/traffic_light_robot:/opt/ros/humble /usr/bin/cmake /home/raspb/Desktop/TrafficSenseAI/src/robot_description -DAMENT_CMAKE_SYMLINK_INSTALL=1 -DCMAKE_INSTALL_PREFIX=/home/raspb/Desktop/TrafficSenseAI/install/robot_description
[0.099s] -- The C compiler identification is GNU 11.4.0
[0.173s] -- The CXX compiler identification is GNU 11.4.0
[0.179s] -- Detecting C compiler ABI info
[0.288s] -- Detecting C compiler ABI info - done
[0.295s] -- Check for working C compiler: /usr/bin/cc - skipped
[0.295s] -- Detecting C compile features
[0.295s] -- Detecting C compile features - done
[0.302s] -- Detecting CXX compiler ABI info
[0.472s] -- Detecting CXX compiler ABI info - done
[0.488s] -- Check for working CXX compiler: /usr/bin/c++ - skipped
[0.488s] -- Detecting CXX compile features
[0.488s] -- Detecting CXX compile features - done
[0.489s] -- Found ament_cmake: 1.3.12 (/opt/ros/humble/share/ament_cmake/cmake)
[0.666s] -- Found Python3: /usr/bin/python3 (found version "3.10.12") found components: Interpreter 
[0.745s] -- Override CMake install command with custom implementation using symlinks instead of copying resources
[0.786s] -- Found ament_lint_auto: 0.12.14 (/opt/ros/humble/share/ament_lint_auto/cmake)
[0.879s] -- Configuring done
[0.879s] -- Generating done
[0.879s] -- Build files have been written to: /home/raspb/Desktop/TrafficSenseAI/build/robot_description
[0.889s] Invoked command in '/home/raspb/Desktop/TrafficSenseAI/build/robot_description' returned '0': CMAKE_PREFIX_PATH=${CMAKE_PREFIX_PATH}:/home/raspb/Desktop/TrafficSenseAI/install/traffic_light_robot:/opt/ros/humble /usr/bin/cmake /home/raspb/Desktop/TrafficSenseAI/src/robot_description -DAMENT_CMAKE_SYMLINK_INSTALL=1 -DCMAKE_INSTALL_PREFIX=/home/raspb/Desktop/TrafficSenseAI/install/robot_description
[0.890s] Invoking command in '/home/raspb/Desktop/TrafficSenseAI/build/robot_description': CMAKE_PREFIX_PATH=${CMAKE_PREFIX_PATH}:/home/raspb/Desktop/TrafficSenseAI/install/traffic_light_robot:/opt/ros/humble /usr/bin/cmake --build /home/raspb/Desktop/TrafficSenseAI/build/robot_description -- -j5 -l5
[0.960s] Invoked command in '/home/raspb/Desktop/TrafficSenseAI/build/robot_description' returned '0': CMAKE_PREFIX_PATH=${CMAKE_PREFIX_PATH}:/home/raspb/Desktop/TrafficSenseAI/install/traffic_light_robot:/opt/ros/humble /usr/bin/cmake --build /home/raspb/Desktop/TrafficSenseAI/build/robot_description -- -j5 -l5
[0.984s] Invoking command in '/home/raspb/Desktop/TrafficSenseAI/build/robot_description': CMAKE_PREFIX_PATH=${CMAKE_PREFIX_PATH}:/home/raspb/Desktop/TrafficSenseAI/install/traffic_light_robot:/opt/ros/humble /usr/bin/cmake --install /home/raspb/Desktop/TrafficSenseAI/build/robot_description
[0.987s] -- Install configuration: ""
[0.990s] -- Execute custom install script
[0.990s] -- Symlinking: /home/raspb/Desktop/TrafficSenseAI/install/robot_description/share/robot_description//launch/gazebo.launch.py
[1.004s] -- Symlinking: /home/raspb/Desktop/TrafficSenseAI/install/robot_description/share/robot_description//urdf/robot.urdf.xacro
[1.019s] -- Symlinking: /home/raspb/Desktop/TrafficSenseAI/install/robot_description/share/robot_description//worlds/traffic_world.world
[1.036s] -- Symlinking: /home/raspb/Desktop/TrafficSenseAI/install/robot_description/share/ament_index/resource_index/package_run_dependencies/robot_description
[1.053s] -- Symlinking: /home/raspb/Desktop/TrafficSenseAI/install/robot_description/share/ament_index/resource_index/parent_prefix_path/robot_description
[1.074s] -- Symlinking: /home/raspb/Desktop/TrafficSenseAI/install/robot_description/share/robot_description/environment/ament_prefix_path.sh
[1.092s] -- Symlinking: /home/raspb/Desktop/TrafficSenseAI/install/robot_description/share/robot_description/environment/ament_prefix_path.dsv
[1.105s] -- Symlinking: /home/raspb/Desktop/TrafficSenseAI/install/robot_description/share/robot_description/environment/path.sh
[1.120s] -- Symlinking: /home/raspb/Desktop/TrafficSenseAI/install/robot_description/share/robot_description/environment/path.dsv
[1.134s] -- Symlinking: /home/raspb/Desktop/TrafficSenseAI/install/robot_description/share/robot_description/local_setup.bash
[1.147s] -- Symlinking: /home/raspb/Desktop/TrafficSenseAI/install/robot_description/share/robot_description/local_setup.sh
[1.160s] -- Symlinking: /home/raspb/Desktop/TrafficSenseAI/install/robot_description/share/robot_description/local_setup.zsh
[1.174s] -- Symlinking: /home/raspb/Desktop/TrafficSenseAI/install/robot_description/share/robot_description/local_setup.dsv
[1.193s] -- Symlinking: /home/raspb/Desktop/TrafficSenseAI/install/robot_description/share/robot_description/package.dsv
[1.218s] -- Symlinking: /home/raspb/Desktop/TrafficSenseAI/install/robot_description/share/ament_index/resource_index/packages/robot_description
[1.221s] -- Symlinking: /home/raspb/Desktop/TrafficSenseAI/install/robot_description/share/robot_description/cmake/robot_descriptionConfig.cmake
[1.250s] -- Symlinking: /home/raspb/Desktop/TrafficSenseAI/install/robot_description/share/robot_description/cmake/robot_descriptionConfig-version.cmake
[1.253s] -- Symlinking: /home/raspb/Desktop/TrafficSenseAI/install/robot_description/share/robot_description/package.xml
[1.281s] Invoked command in '/home/raspb/Desktop/TrafficSenseAI/build/robot_description' returned '0': CMAKE_PREFIX_PATH=${CMAKE_PREFIX_PATH}:/home/raspb/Desktop/TrafficSenseAI/install/traffic_light_robot:/opt/ros/humble /usr/bin/cmake --install /home/raspb/Desktop/TrafficSenseAI/build/robot_description
