[0.036s] Invoking command in '/home/raspb/Desktop/TrafficSenseAI/build/robot_description': CMAKE_PREFIX_PATH=${CMAKE_PREFIX_PATH}:/home/raspb/Desktop/TrafficSenseAI/install/traffic_light_robot:/opt/ros/humble /usr/bin/cmake /home/raspb/Desktop/TrafficSenseAI/src/robot_description -DAMENT_CMAKE_SYMLINK_INSTALL=1 -DCMAKE_INSTALL_PREFIX=/home/raspb/Desktop/TrafficSenseAI/install/robot_description
[0.176s] -- Found ament_cmake: 1.3.12 (/opt/ros/humble/share/ament_cmake/cmake)
[0.363s] -- Override CMake install command with custom implementation using symlinks instead of copying resources
[0.433s] -- Found ament_lint_auto: 0.12.14 (/opt/ros/humble/share/ament_lint_auto/cmake)
[0.521s] -- Configuring done
[0.537s] -- Generating done
[0.539s] -- Build files have been written to: /home/raspb/Desktop/TrafficSenseAI/build/robot_description
[0.551s] Invoked command in '/home/raspb/Desktop/TrafficSenseAI/build/robot_description' returned '0': CMAKE_PREFIX_PATH=${CMAKE_PREFIX_PATH}:/home/raspb/Desktop/TrafficSenseAI/install/traffic_light_robot:/opt/ros/humble /usr/bin/cmake /home/raspb/Desktop/TrafficSenseAI/src/robot_description -DAMENT_CMAKE_SYMLINK_INSTALL=1 -DCMAKE_INSTALL_PREFIX=/home/raspb/Desktop/TrafficSenseAI/install/robot_description
[0.551s] Invoking command in '/home/raspb/Desktop/TrafficSenseAI/build/robot_description': CMAKE_PREFIX_PATH=${CMAKE_PREFIX_PATH}:/home/raspb/Desktop/TrafficSenseAI/install/traffic_light_robot:/opt/ros/humble /usr/bin/cmake --build /home/raspb/Desktop/TrafficSenseAI/build/robot_description -- -j5 -l5
[0.613s] Invoked command in '/home/raspb/Desktop/TrafficSenseAI/build/robot_description' returned '0': CMAKE_PREFIX_PATH=${CMAKE_PREFIX_PATH}:/home/raspb/Desktop/TrafficSenseAI/install/traffic_light_robot:/opt/ros/humble /usr/bin/cmake --build /home/raspb/Desktop/TrafficSenseAI/build/robot_description -- -j5 -l5
[0.633s] Invoking command in '/home/raspb/Desktop/TrafficSenseAI/build/robot_description': CMAKE_PREFIX_PATH=${CMAKE_PREFIX_PATH}:/home/raspb/Desktop/TrafficSenseAI/install/traffic_light_robot:/opt/ros/humble /usr/bin/cmake --install /home/raspb/Desktop/TrafficSenseAI/build/robot_description
[0.650s] -- Install configuration: ""
[0.651s] -- Execute custom install script
[0.652s] -- Up-to-date symlink: /home/raspb/Desktop/TrafficSenseAI/install/robot_description/share/robot_description//launch/autonomous.launch.py
[0.652s] -- Up-to-date symlink: /home/raspb/Desktop/TrafficSenseAI/install/robot_description/share/robot_description//launch/gazebo.launch.py
[0.652s] -- Up-to-date symlink: /home/raspb/Desktop/TrafficSenseAI/install/robot_description/share/robot_description//urdf/robot.urdf.xacro
[0.653s] -- Up-to-date symlink: /home/raspb/Desktop/TrafficSenseAI/install/robot_description/share/robot_description//worlds/traffic_world.world
[0.653s] -- Up-to-date symlink: /home/raspb/Desktop/TrafficSenseAI/install/robot_description/lib/robot_description/azerty_teleop.py
[0.654s] -- Up-to-date symlink: /home/raspb/Desktop/TrafficSenseAI/install/robot_description/share/ament_index/resource_index/package_run_dependencies/robot_description
[0.654s] -- Up-to-date symlink: /home/raspb/Desktop/TrafficSenseAI/install/robot_description/share/ament_index/resource_index/parent_prefix_path/robot_description
[0.654s] -- Up-to-date symlink: /home/raspb/Desktop/TrafficSenseAI/install/robot_description/share/robot_description/environment/ament_prefix_path.sh
[0.655s] -- Up-to-date symlink: /home/raspb/Desktop/TrafficSenseAI/install/robot_description/share/robot_description/environment/ament_prefix_path.dsv
[0.655s] -- Up-to-date symlink: /home/raspb/Desktop/TrafficSenseAI/install/robot_description/share/robot_description/environment/path.sh
[0.655s] -- Up-to-date symlink: /home/raspb/Desktop/TrafficSenseAI/install/robot_description/share/robot_description/environment/path.dsv
[0.655s] -- Up-to-date symlink: /home/raspb/Desktop/TrafficSenseAI/install/robot_description/share/robot_description/local_setup.bash
[0.656s] -- Up-to-date symlink: /home/raspb/Desktop/TrafficSenseAI/install/robot_description/share/robot_description/local_setup.sh
[0.656s] -- Up-to-date symlink: /home/raspb/Desktop/TrafficSenseAI/install/robot_description/share/robot_description/local_setup.zsh
[0.656s] -- Up-to-date symlink: /home/raspb/Desktop/TrafficSenseAI/install/robot_description/share/robot_description/local_setup.dsv
[0.656s] -- Symlinking: /home/raspb/Desktop/TrafficSenseAI/install/robot_description/share/robot_description/package.dsv
[0.671s] -- Up-to-date symlink: /home/raspb/Desktop/TrafficSenseAI/install/robot_description/share/ament_index/resource_index/packages/robot_description
[0.672s] -- Up-to-date symlink: /home/raspb/Desktop/TrafficSenseAI/install/robot_description/share/robot_description/cmake/robot_descriptionConfig.cmake
[0.672s] -- Up-to-date symlink: /home/raspb/Desktop/TrafficSenseAI/install/robot_description/share/robot_description/cmake/robot_descriptionConfig-version.cmake
[0.672s] -- Up-to-date symlink: /home/raspb/Desktop/TrafficSenseAI/install/robot_description/share/robot_description/package.xml
[0.677s] Invoked command in '/home/raspb/Desktop/TrafficSenseAI/build/robot_description' returned '0': CMAKE_PREFIX_PATH=${CMAKE_PREFIX_PATH}:/home/raspb/Desktop/TrafficSenseAI/install/traffic_light_robot:/opt/ros/humble /usr/bin/cmake --install /home/raspb/Desktop/TrafficSenseAI/build/robot_description
