running egg_info
creating ../../build/traffic_light_robot/traffic_light_robot.egg-info
writing ../../build/traffic_light_robot/traffic_light_robot.egg-info/PKG-INFO
writing dependency_links to ../../build/traffic_light_robot/traffic_light_robot.egg-info/dependency_links.txt
writing entry points to ../../build/traffic_light_robot/traffic_light_robot.egg-info/entry_points.txt
writing requirements to ../../build/traffic_light_robot/traffic_light_robot.egg-info/requires.txt
writing top-level names to ../../build/traffic_light_robot/traffic_light_robot.egg-info/top_level.txt
writing manifest file '../../build/traffic_light_robot/traffic_light_robot.egg-info/SOURCES.txt'
reading manifest file '../../build/traffic_light_robot/traffic_light_robot.egg-info/SOURCES.txt'
writing manifest file '../../build/traffic_light_robot/traffic_light_robot.egg-info/SOURCES.txt'
running build
running build_py
creating /root/robot_ws/build/traffic_light_robot/build
creating /root/robot_ws/build/traffic_light_robot/build/lib
creating /root/robot_ws/build/traffic_light_robot/build/lib/traffic_light_robot
copying traffic_light_robot/__init__.py -> /root/robot_ws/build/traffic_light_robot/build/lib/traffic_light_robot
running install
running install_lib
creating /root/robot_ws/install/traffic_light_robot/lib/python3.10/site-packages/traffic_light_robot
copying /root/robot_ws/build/traffic_light_robot/build/lib/traffic_light_robot/__init__.py -> /root/robot_ws/install/traffic_light_robot/lib/python3.10/site-packages/traffic_light_robot
byte-compiling /root/robot_ws/install/traffic_light_robot/lib/python3.10/site-packages/traffic_light_robot/__init__.py to __init__.cpython-310.pyc
running install_data
creating /root/robot_ws/install/traffic_light_robot/share/ament_index
creating /root/robot_ws/install/traffic_light_robot/share/ament_index/resource_index
creating /root/robot_ws/install/traffic_light_robot/share/ament_index/resource_index/packages
copying resource/traffic_light_robot -> /root/robot_ws/install/traffic_light_robot/share/ament_index/resource_index/packages
copying package.xml -> /root/robot_ws/install/traffic_light_robot/share/traffic_light_robot
running install_egg_info
Copying ../../build/traffic_light_robot/traffic_light_robot.egg-info to /root/robot_ws/install/traffic_light_robot/lib/python3.10/site-packages/traffic_light_robot-0.0.0-py3.10.egg-info
running install_scripts
writing list of installed files to '/root/robot_ws/build/traffic_light_robot/install.log'
