[0.510s] Invoking command in '/root/robot_ws/src/traffic_light_robot': PYTHONPATH=/root/robot_ws/build/traffic_light_robot/prefix_override:/usr/lib/python3/dist-packages/colcon_core/task/python/colcon_distutils_commands:/root/robot_ws/install/traffic_light_robot/lib/python3.10/site-packages:${PYTHONPATH} /usr/bin/python3 -W ignore:setup.py install is deprecated -W ignore:easy_install command is deprecated setup.py egg_info --egg-base ../../build/traffic_light_robot build --build-base /root/robot_ws/build/traffic_light_robot/build install --record /root/robot_ws/build/traffic_light_robot/install.log --single-version-externally-managed install_data
[0.709s] running egg_info
[0.710s] creating ../../build/traffic_light_robot/traffic_light_robot.egg-info
[0.710s] writing ../../build/traffic_light_robot/traffic_light_robot.egg-info/PKG-INFO
[0.710s] writing dependency_links to ../../build/traffic_light_robot/traffic_light_robot.egg-info/dependency_links.txt
[0.710s] writing entry points to ../../build/traffic_light_robot/traffic_light_robot.egg-info/entry_points.txt
[0.711s] writing requirements to ../../build/traffic_light_robot/traffic_light_robot.egg-info/requires.txt
[0.711s] writing top-level names to ../../build/traffic_light_robot/traffic_light_robot.egg-info/top_level.txt
[0.711s] writing manifest file '../../build/traffic_light_robot/traffic_light_robot.egg-info/SOURCES.txt'
[0.712s] reading manifest file '../../build/traffic_light_robot/traffic_light_robot.egg-info/SOURCES.txt'
[0.713s] writing manifest file '../../build/traffic_light_robot/traffic_light_robot.egg-info/SOURCES.txt'
[0.713s] running build
[0.714s] running build_py
[0.714s] creating /root/robot_ws/build/traffic_light_robot/build
[0.714s] creating /root/robot_ws/build/traffic_light_robot/build/lib
[0.714s] creating /root/robot_ws/build/traffic_light_robot/build/lib/traffic_light_robot
[0.714s] copying traffic_light_robot/__init__.py -> /root/robot_ws/build/traffic_light_robot/build/lib/traffic_light_robot
[0.714s] running install
[0.715s] running install_lib
[0.715s] creating /root/robot_ws/install/traffic_light_robot/lib/python3.10/site-packages/traffic_light_robot
[0.715s] copying /root/robot_ws/build/traffic_light_robot/build/lib/traffic_light_robot/__init__.py -> /root/robot_ws/install/traffic_light_robot/lib/python3.10/site-packages/traffic_light_robot
[0.716s] byte-compiling /root/robot_ws/install/traffic_light_robot/lib/python3.10/site-packages/traffic_light_robot/__init__.py to __init__.cpython-310.pyc
[0.716s] running install_data
[0.716s] creating /root/robot_ws/install/traffic_light_robot/share/ament_index
[0.716s] creating /root/robot_ws/install/traffic_light_robot/share/ament_index/resource_index
[0.716s] creating /root/robot_ws/install/traffic_light_robot/share/ament_index/resource_index/packages
[0.716s] copying resource/traffic_light_robot -> /root/robot_ws/install/traffic_light_robot/share/ament_index/resource_index/packages
[0.717s] copying package.xml -> /root/robot_ws/install/traffic_light_robot/share/traffic_light_robot
[0.717s] running install_egg_info
[0.718s] Copying ../../build/traffic_light_robot/traffic_light_robot.egg-info to /root/robot_ws/install/traffic_light_robot/lib/python3.10/site-packages/traffic_light_robot-0.0.0-py3.10.egg-info
[0.719s] running install_scripts
[0.738s] writing list of installed files to '/root/robot_ws/build/traffic_light_robot/install.log'
[0.761s] Invoked command in '/root/robot_ws/src/traffic_light_robot' returned '0': PYTHONPATH=/root/robot_ws/build/traffic_light_robot/prefix_override:/usr/lib/python3/dist-packages/colcon_core/task/python/colcon_distutils_commands:/root/robot_ws/install/traffic_light_robot/lib/python3.10/site-packages:${PYTHONPATH} /usr/bin/python3 -W ignore:setup.py install is deprecated -W ignore:easy_install command is deprecated setup.py egg_info --egg-base ../../build/traffic_light_robot build --build-base /root/robot_ws/build/traffic_light_robot/build install --record /root/robot_ws/build/traffic_light_robot/install.log --single-version-externally-managed install_data
