[0.110s] DEBUG:colcon:Command line arguments: ['/usr/bin/colcon', 'build', '--packages-select', 'traffic_light_robot', '--symlink-install']
[0.111s] DEBUG:colcon:Parsed command line arguments: Namespace(log_base=None, log_level=None, verb_name='build', build_base='build', install_base='install', merge_install=False, symlink_install=True, test_result_base=None, continue_on_error=False, executor='parallel', parallel_workers=5, event_handlers=None, ignore_user_meta=False, metas=['./colcon.meta'], base_paths=['.'], packages_ignore=None, packages_ignore_regex=None, paths=None, packages_up_to=None, packages_up_to_regex=None, packages_above=None, packages_above_and_dependencies=None, packages_above_depth=None, packages_select_by_dep=None, packages_skip_by_dep=None, packages_skip_up_to=None, packages_select_build_failed=False, packages_skip_build_finished=False, packages_select_test_failures=False, packages_skip_test_passed=False, packages_select=['traffic_light_robot'], packages_skip=None, packages_select_regex=None, packages_skip_regex=None, packages_start=None, packages_end=None, allow_overriding=[], cmake_args=None, cmake_target=None, cmake_target_skip_unavailable=False, cmake_clean_cache=False, cmake_clean_first=False, cmake_force_configure=False, ament_cmake_args=None, catkin_cmake_args=None, catkin_skip_building_tests=False, verb_parser=<colcon_defaults.argument_parser.defaults.DefaultArgumentsDecorator object at 0x7b9f8033b790>, verb_extension=<colcon_core.verb.build.BuildVerb object at 0x7b9f80484ca0>, main=<bound method BuildVerb.main of <colcon_core.verb.build.BuildVerb object at 0x7b9f80484ca0>>)
[0.258s] Level 1:colcon.colcon_core.package_discovery:discover_packages(colcon_meta) check parameters
[0.259s] Level 1:colcon.colcon_core.package_discovery:discover_packages(recursive) check parameters
[0.259s] Level 1:colcon.colcon_core.package_discovery:discover_packages(ignore) check parameters
[0.259s] Level 1:colcon.colcon_core.package_discovery:discover_packages(path) check parameters
[0.259s] Level 1:colcon.colcon_core.package_discovery:discover_packages(colcon_meta) discover
[0.259s] Level 1:colcon.colcon_core.package_discovery:discover_packages(recursive) discover
[0.259s] INFO:colcon.colcon_core.package_discovery:Crawling recursively for packages in '/home/raspb/Desktop/TrafficSenseAI'
[0.259s] Level 1:colcon.colcon_core.package_identification:_identify(.) by extensions ['ignore', 'ignore_ament_install']
[0.259s] Level 1:colcon.colcon_core.package_identification:_identify(.) by extension 'ignore'
[0.259s] Level 1:colcon.colcon_core.package_identification:_identify(.) by extension 'ignore_ament_install'
[0.259s] Level 1:colcon.colcon_core.package_identification:_identify(.) by extensions ['colcon_pkg']
[0.259s] Level 1:colcon.colcon_core.package_identification:_identify(.) by extension 'colcon_pkg'
[0.259s] Level 1:colcon.colcon_core.package_identification:_identify(.) by extensions ['colcon_meta']
[0.259s] Level 1:colcon.colcon_core.package_identification:_identify(.) by extension 'colcon_meta'
[0.259s] Level 1:colcon.colcon_core.package_identification:_identify(.) by extensions ['ros']
[0.259s] Level 1:colcon.colcon_core.package_identification:_identify(.) by extension 'ros'
[0.270s] Level 1:colcon.colcon_core.package_identification:_identify(.) by extensions ['cmake', 'python']
[0.270s] Level 1:colcon.colcon_core.package_identification:_identify(.) by extension 'cmake'
[0.270s] Level 1:colcon.colcon_core.package_identification:_identify(.) by extension 'python'
[0.271s] Level 1:colcon.colcon_core.package_identification:_identify(.) by extensions ['python_setup_py']
[0.271s] Level 1:colcon.colcon_core.package_identification:_identify(.) by extension 'python_setup_py'
[0.271s] Level 1:colcon.colcon_core.package_identification:_identify(build) by extensions ['ignore', 'ignore_ament_install']
[0.271s] Level 1:colcon.colcon_core.package_identification:_identify(build) by extension 'ignore'
[0.271s] Level 1:colcon.colcon_core.package_identification:_identify(build) ignored
[0.271s] Level 1:colcon.colcon_core.package_identification:_identify(install) by extensions ['ignore', 'ignore_ament_install']
[0.271s] Level 1:colcon.colcon_core.package_identification:_identify(install) by extension 'ignore'
[0.272s] Level 1:colcon.colcon_core.package_identification:_identify(install) ignored
[0.272s] Level 1:colcon.colcon_core.package_identification:_identify(log) by extensions ['ignore', 'ignore_ament_install']
[0.272s] Level 1:colcon.colcon_core.package_identification:_identify(log) by extension 'ignore'
[0.272s] Level 1:colcon.colcon_core.package_identification:_identify(log) ignored
[0.273s] Level 1:colcon.colcon_core.package_identification:_identify(models) by extensions ['ignore', 'ignore_ament_install']
[0.273s] Level 1:colcon.colcon_core.package_identification:_identify(models) by extension 'ignore'
[0.273s] Level 1:colcon.colcon_core.package_identification:_identify(models) by extension 'ignore_ament_install'
[0.273s] Level 1:colcon.colcon_core.package_identification:_identify(models) by extensions ['colcon_pkg']
[0.274s] Level 1:colcon.colcon_core.package_identification:_identify(models) by extension 'colcon_pkg'
[0.274s] Level 1:colcon.colcon_core.package_identification:_identify(models) by extensions ['colcon_meta']
[0.274s] Level 1:colcon.colcon_core.package_identification:_identify(models) by extension 'colcon_meta'
[0.274s] Level 1:colcon.colcon_core.package_identification:_identify(models) by extensions ['ros']
[0.274s] Level 1:colcon.colcon_core.package_identification:_identify(models) by extension 'ros'
[0.274s] Level 1:colcon.colcon_core.package_identification:_identify(models) by extensions ['cmake', 'python']
[0.275s] Level 1:colcon.colcon_core.package_identification:_identify(models) by extension 'cmake'
[0.275s] Level 1:colcon.colcon_core.package_identification:_identify(models) by extension 'python'
[0.275s] Level 1:colcon.colcon_core.package_identification:_identify(models) by extensions ['python_setup_py']
[0.275s] Level 1:colcon.colcon_core.package_identification:_identify(models) by extension 'python_setup_py'
[0.275s] Level 1:colcon.colcon_core.package_identification:_identify(models/darknet) by extensions ['ignore', 'ignore_ament_install']
[0.276s] Level 1:colcon.colcon_core.package_identification:_identify(models/darknet) by extension 'ignore'
[0.276s] Level 1:colcon.colcon_core.package_identification:_identify(models/darknet) by extension 'ignore_ament_install'
[0.276s] Level 1:colcon.colcon_core.package_identification:_identify(models/darknet) by extensions ['colcon_pkg']
[0.276s] Level 1:colcon.colcon_core.package_identification:_identify(models/darknet) by extension 'colcon_pkg'
[0.276s] Level 1:colcon.colcon_core.package_identification:_identify(models/darknet) by extensions ['colcon_meta']
[0.276s] Level 1:colcon.colcon_core.package_identification:_identify(models/darknet) by extension 'colcon_meta'
[0.276s] Level 1:colcon.colcon_core.package_identification:_identify(models/darknet) by extensions ['ros']
[0.277s] Level 1:colcon.colcon_core.package_identification:_identify(models/darknet) by extension 'ros'
[0.280s] DEBUG:colcon.colcon_core.package_identification:Package 'models/darknet' with type 'ros.cmake' and name 'darknet'
[0.280s] Level 1:colcon.colcon_core.package_identification:_identify(models/weights) by extensions ['ignore', 'ignore_ament_install']
[0.281s] Level 1:colcon.colcon_core.package_identification:_identify(models/weights) by extension 'ignore'
[0.281s] Level 1:colcon.colcon_core.package_identification:_identify(models/weights) by extension 'ignore_ament_install'
[0.281s] Level 1:colcon.colcon_core.package_identification:_identify(models/weights) by extensions ['colcon_pkg']
[0.281s] Level 1:colcon.colcon_core.package_identification:_identify(models/weights) by extension 'colcon_pkg'
[0.281s] Level 1:colcon.colcon_core.package_identification:_identify(models/weights) by extensions ['colcon_meta']
[0.281s] Level 1:colcon.colcon_core.package_identification:_identify(models/weights) by extension 'colcon_meta'
[0.281s] Level 1:colcon.colcon_core.package_identification:_identify(models/weights) by extensions ['ros']
[0.281s] Level 1:colcon.colcon_core.package_identification:_identify(models/weights) by extension 'ros'
[0.281s] Level 1:colcon.colcon_core.package_identification:_identify(models/weights) by extensions ['cmake', 'python']
[0.282s] Level 1:colcon.colcon_core.package_identification:_identify(models/weights) by extension 'cmake'
[0.282s] Level 1:colcon.colcon_core.package_identification:_identify(models/weights) by extension 'python'
[0.282s] Level 1:colcon.colcon_core.package_identification:_identify(models/weights) by extensions ['python_setup_py']
[0.282s] Level 1:colcon.colcon_core.package_identification:_identify(models/weights) by extension 'python_setup_py'
[0.282s] Level 1:colcon.colcon_core.package_identification:_identify(scripts) by extensions ['ignore', 'ignore_ament_install']
[0.282s] Level 1:colcon.colcon_core.package_identification:_identify(scripts) by extension 'ignore'
[0.283s] Level 1:colcon.colcon_core.package_identification:_identify(scripts) by extension 'ignore_ament_install'
[0.283s] Level 1:colcon.colcon_core.package_identification:_identify(scripts) by extensions ['colcon_pkg']
[0.283s] Level 1:colcon.colcon_core.package_identification:_identify(scripts) by extension 'colcon_pkg'
[0.283s] Level 1:colcon.colcon_core.package_identification:_identify(scripts) by extensions ['colcon_meta']
[0.283s] Level 1:colcon.colcon_core.package_identification:_identify(scripts) by extension 'colcon_meta'
[0.283s] Level 1:colcon.colcon_core.package_identification:_identify(scripts) by extensions ['ros']
[0.283s] Level 1:colcon.colcon_core.package_identification:_identify(scripts) by extension 'ros'
[0.283s] Level 1:colcon.colcon_core.package_identification:_identify(scripts) by extensions ['cmake', 'python']
[0.283s] Level 1:colcon.colcon_core.package_identification:_identify(scripts) by extension 'cmake'
[0.283s] Level 1:colcon.colcon_core.package_identification:_identify(scripts) by extension 'python'
[0.283s] Level 1:colcon.colcon_core.package_identification:_identify(scripts) by extensions ['python_setup_py']
[0.283s] Level 1:colcon.colcon_core.package_identification:_identify(scripts) by extension 'python_setup_py'
[0.283s] Level 1:colcon.colcon_core.package_identification:_identify(src) by extensions ['ignore', 'ignore_ament_install']
[0.283s] Level 1:colcon.colcon_core.package_identification:_identify(src) by extension 'ignore'
[0.283s] Level 1:colcon.colcon_core.package_identification:_identify(src) by extension 'ignore_ament_install'
[0.283s] Level 1:colcon.colcon_core.package_identification:_identify(src) by extensions ['colcon_pkg']
[0.283s] Level 1:colcon.colcon_core.package_identification:_identify(src) by extension 'colcon_pkg'
[0.283s] Level 1:colcon.colcon_core.package_identification:_identify(src) by extensions ['colcon_meta']
[0.283s] Level 1:colcon.colcon_core.package_identification:_identify(src) by extension 'colcon_meta'
[0.283s] Level 1:colcon.colcon_core.package_identification:_identify(src) by extensions ['ros']
[0.283s] Level 1:colcon.colcon_core.package_identification:_identify(src) by extension 'ros'
[0.283s] Level 1:colcon.colcon_core.package_identification:_identify(src) by extensions ['cmake', 'python']
[0.283s] Level 1:colcon.colcon_core.package_identification:_identify(src) by extension 'cmake'
[0.283s] Level 1:colcon.colcon_core.package_identification:_identify(src) by extension 'python'
[0.283s] Level 1:colcon.colcon_core.package_identification:_identify(src) by extensions ['python_setup_py']
[0.283s] Level 1:colcon.colcon_core.package_identification:_identify(src) by extension 'python_setup_py'
[0.284s] Level 1:colcon.colcon_core.package_identification:_identify(src/robot_description) by extensions ['ignore', 'ignore_ament_install']
[0.284s] Level 1:colcon.colcon_core.package_identification:_identify(src/robot_description) by extension 'ignore'
[0.284s] Level 1:colcon.colcon_core.package_identification:_identify(src/robot_description) by extension 'ignore_ament_install'
[0.284s] Level 1:colcon.colcon_core.package_identification:_identify(src/robot_description) by extensions ['colcon_pkg']
[0.284s] Level 1:colcon.colcon_core.package_identification:_identify(src/robot_description) by extension 'colcon_pkg'
[0.284s] Level 1:colcon.colcon_core.package_identification:_identify(src/robot_description) by extensions ['colcon_meta']
[0.284s] Level 1:colcon.colcon_core.package_identification:_identify(src/robot_description) by extension 'colcon_meta'
[0.284s] Level 1:colcon.colcon_core.package_identification:_identify(src/robot_description) by extensions ['ros']
[0.284s] Level 1:colcon.colcon_core.package_identification:_identify(src/robot_description) by extension 'ros'
[0.285s] DEBUG:colcon.colcon_core.package_identification:Package 'src/robot_description' with type 'ros.ament_cmake' and name 'robot_description'
[0.286s] Level 1:colcon.colcon_core.package_identification:_identify(src/traffic_light_robot) by extensions ['ignore', 'ignore_ament_install']
[0.286s] Level 1:colcon.colcon_core.package_identification:_identify(src/traffic_light_robot) by extension 'ignore'
[0.286s] Level 1:colcon.colcon_core.package_identification:_identify(src/traffic_light_robot) by extension 'ignore_ament_install'
[0.286s] Level 1:colcon.colcon_core.package_identification:_identify(src/traffic_light_robot) by extensions ['colcon_pkg']
[0.286s] Level 1:colcon.colcon_core.package_identification:_identify(src/traffic_light_robot) by extension 'colcon_pkg'
[0.286s] Level 1:colcon.colcon_core.package_identification:_identify(src/traffic_light_robot) by extensions ['colcon_meta']
[0.286s] Level 1:colcon.colcon_core.package_identification:_identify(src/traffic_light_robot) by extension 'colcon_meta'
[0.286s] Level 1:colcon.colcon_core.package_identification:_identify(src/traffic_light_robot) by extensions ['ros']
[0.286s] Level 1:colcon.colcon_core.package_identification:_identify(src/traffic_light_robot) by extension 'ros'
[0.287s] DEBUG:colcon.colcon_core.package_identification:Package 'src/traffic_light_robot' with type 'ros.ament_python' and name 'traffic_light_robot'
[0.287s] Level 1:colcon.colcon_core.package_identification:_identify(test_logs) by extensions ['ignore', 'ignore_ament_install']
[0.288s] Level 1:colcon.colcon_core.package_identification:_identify(test_logs) by extension 'ignore'
[0.288s] Level 1:colcon.colcon_core.package_identification:_identify(test_logs) by extension 'ignore_ament_install'
[0.288s] Level 1:colcon.colcon_core.package_identification:_identify(test_logs) by extensions ['colcon_pkg']
[0.288s] Level 1:colcon.colcon_core.package_identification:_identify(test_logs) by extension 'colcon_pkg'
[0.288s] Level 1:colcon.colcon_core.package_identification:_identify(test_logs) by extensions ['colcon_meta']
[0.288s] Level 1:colcon.colcon_core.package_identification:_identify(test_logs) by extension 'colcon_meta'
[0.288s] Level 1:colcon.colcon_core.package_identification:_identify(test_logs) by extensions ['ros']
[0.288s] Level 1:colcon.colcon_core.package_identification:_identify(test_logs) by extension 'ros'
[0.288s] Level 1:colcon.colcon_core.package_identification:_identify(test_logs) by extensions ['cmake', 'python']
[0.288s] Level 1:colcon.colcon_core.package_identification:_identify(test_logs) by extension 'cmake'
[0.288s] Level 1:colcon.colcon_core.package_identification:_identify(test_logs) by extension 'python'
[0.288s] Level 1:colcon.colcon_core.package_identification:_identify(test_logs) by extensions ['python_setup_py']
[0.288s] Level 1:colcon.colcon_core.package_identification:_identify(test_logs) by extension 'python_setup_py'
[0.288s] Level 1:colcon.colcon_core.package_identification:_identify(tuning_results) by extensions ['ignore', 'ignore_ament_install']
[0.288s] Level 1:colcon.colcon_core.package_identification:_identify(tuning_results) by extension 'ignore'
[0.289s] Level 1:colcon.colcon_core.package_identification:_identify(tuning_results) by extension 'ignore_ament_install'
[0.289s] Level 1:colcon.colcon_core.package_identification:_identify(tuning_results) by extensions ['colcon_pkg']
[0.289s] Level 1:colcon.colcon_core.package_identification:_identify(tuning_results) by extension 'colcon_pkg'
[0.289s] Level 1:colcon.colcon_core.package_identification:_identify(tuning_results) by extensions ['colcon_meta']
[0.289s] Level 1:colcon.colcon_core.package_identification:_identify(tuning_results) by extension 'colcon_meta'
[0.289s] Level 1:colcon.colcon_core.package_identification:_identify(tuning_results) by extensions ['ros']
[0.289s] Level 1:colcon.colcon_core.package_identification:_identify(tuning_results) by extension 'ros'
[0.289s] Level 1:colcon.colcon_core.package_identification:_identify(tuning_results) by extensions ['cmake', 'python']
[0.289s] Level 1:colcon.colcon_core.package_identification:_identify(tuning_results) by extension 'cmake'
[0.289s] Level 1:colcon.colcon_core.package_identification:_identify(tuning_results) by extension 'python'
[0.289s] Level 1:colcon.colcon_core.package_identification:_identify(tuning_results) by extensions ['python_setup_py']
[0.289s] Level 1:colcon.colcon_core.package_identification:_identify(tuning_results) by extension 'python_setup_py'
[0.289s] Level 1:colcon.colcon_core.package_identification:_identify(yolo_dataset) by extensions ['ignore', 'ignore_ament_install']
[0.289s] Level 1:colcon.colcon_core.package_identification:_identify(yolo_dataset) by extension 'ignore'
[0.289s] Level 1:colcon.colcon_core.package_identification:_identify(yolo_dataset) by extension 'ignore_ament_install'
[0.289s] Level 1:colcon.colcon_core.package_identification:_identify(yolo_dataset) by extensions ['colcon_pkg']
[0.289s] Level 1:colcon.colcon_core.package_identification:_identify(yolo_dataset) by extension 'colcon_pkg'
[0.289s] Level 1:colcon.colcon_core.package_identification:_identify(yolo_dataset) by extensions ['colcon_meta']
[0.289s] Level 1:colcon.colcon_core.package_identification:_identify(yolo_dataset) by extension 'colcon_meta'
[0.289s] Level 1:colcon.colcon_core.package_identification:_identify(yolo_dataset) by extensions ['ros']
[0.289s] Level 1:colcon.colcon_core.package_identification:_identify(yolo_dataset) by extension 'ros'
[0.289s] Level 1:colcon.colcon_core.package_identification:_identify(yolo_dataset) by extensions ['cmake', 'python']
[0.289s] Level 1:colcon.colcon_core.package_identification:_identify(yolo_dataset) by extension 'cmake'
[0.289s] Level 1:colcon.colcon_core.package_identification:_identify(yolo_dataset) by extension 'python'
[0.289s] Level 1:colcon.colcon_core.package_identification:_identify(yolo_dataset) by extensions ['python_setup_py']
[0.289s] Level 1:colcon.colcon_core.package_identification:_identify(yolo_dataset) by extension 'python_setup_py'
[0.289s] Level 1:colcon.colcon_core.package_identification:_identify(yolo_dataset/images) by extensions ['ignore', 'ignore_ament_install']
[0.290s] Level 1:colcon.colcon_core.package_identification:_identify(yolo_dataset/images) by extension 'ignore'
[0.290s] Level 1:colcon.colcon_core.package_identification:_identify(yolo_dataset/images) by extension 'ignore_ament_install'
[0.290s] Level 1:colcon.colcon_core.package_identification:_identify(yolo_dataset/images) by extensions ['colcon_pkg']
[0.290s] Level 1:colcon.colcon_core.package_identification:_identify(yolo_dataset/images) by extension 'colcon_pkg'
[0.290s] Level 1:colcon.colcon_core.package_identification:_identify(yolo_dataset/images) by extensions ['colcon_meta']
[0.290s] Level 1:colcon.colcon_core.package_identification:_identify(yolo_dataset/images) by extension 'colcon_meta'
[0.290s] Level 1:colcon.colcon_core.package_identification:_identify(yolo_dataset/images) by extensions ['ros']
[0.290s] Level 1:colcon.colcon_core.package_identification:_identify(yolo_dataset/images) by extension 'ros'
[0.290s] Level 1:colcon.colcon_core.package_identification:_identify(yolo_dataset/images) by extensions ['cmake', 'python']
[0.290s] Level 1:colcon.colcon_core.package_identification:_identify(yolo_dataset/images) by extension 'cmake'
[0.290s] Level 1:colcon.colcon_core.package_identification:_identify(yolo_dataset/images) by extension 'python'
[0.290s] Level 1:colcon.colcon_core.package_identification:_identify(yolo_dataset/images) by extensions ['python_setup_py']
[0.290s] Level 1:colcon.colcon_core.package_identification:_identify(yolo_dataset/images) by extension 'python_setup_py'
[0.290s] Level 1:colcon.colcon_core.package_identification:_identify(yolo_dataset/images/train) by extensions ['ignore', 'ignore_ament_install']
[0.291s] Level 1:colcon.colcon_core.package_identification:_identify(yolo_dataset/images/train) by extension 'ignore'
[0.291s] Level 1:colcon.colcon_core.package_identification:_identify(yolo_dataset/images/train) by extension 'ignore_ament_install'
[0.291s] Level 1:colcon.colcon_core.package_identification:_identify(yolo_dataset/images/train) by extensions ['colcon_pkg']
[0.291s] Level 1:colcon.colcon_core.package_identification:_identify(yolo_dataset/images/train) by extension 'colcon_pkg'
[0.291s] Level 1:colcon.colcon_core.package_identification:_identify(yolo_dataset/images/train) by extensions ['colcon_meta']
[0.291s] Level 1:colcon.colcon_core.package_identification:_identify(yolo_dataset/images/train) by extension 'colcon_meta'
[0.291s] Level 1:colcon.colcon_core.package_identification:_identify(yolo_dataset/images/train) by extensions ['ros']
[0.291s] Level 1:colcon.colcon_core.package_identification:_identify(yolo_dataset/images/train) by extension 'ros'
[0.292s] Level 1:colcon.colcon_core.package_identification:_identify(yolo_dataset/images/train) by extensions ['cmake', 'python']
[0.292s] Level 1:colcon.colcon_core.package_identification:_identify(yolo_dataset/images/train) by extension 'cmake'
[0.292s] Level 1:colcon.colcon_core.package_identification:_identify(yolo_dataset/images/train) by extension 'python'
[0.292s] Level 1:colcon.colcon_core.package_identification:_identify(yolo_dataset/images/train) by extensions ['python_setup_py']
[0.292s] Level 1:colcon.colcon_core.package_identification:_identify(yolo_dataset/images/train) by extension 'python_setup_py'
[0.292s] Level 1:colcon.colcon_core.package_identification:_identify(yolo_dataset/images/val) by extensions ['ignore', 'ignore_ament_install']
[0.292s] Level 1:colcon.colcon_core.package_identification:_identify(yolo_dataset/images/val) by extension 'ignore'
[0.292s] Level 1:colcon.colcon_core.package_identification:_identify(yolo_dataset/images/val) by extension 'ignore_ament_install'
[0.292s] Level 1:colcon.colcon_core.package_identification:_identify(yolo_dataset/images/val) by extensions ['colcon_pkg']
[0.292s] Level 1:colcon.colcon_core.package_identification:_identify(yolo_dataset/images/val) by extension 'colcon_pkg'
[0.292s] Level 1:colcon.colcon_core.package_identification:_identify(yolo_dataset/images/val) by extensions ['colcon_meta']
[0.292s] Level 1:colcon.colcon_core.package_identification:_identify(yolo_dataset/images/val) by extension 'colcon_meta'
[0.292s] Level 1:colcon.colcon_core.package_identification:_identify(yolo_dataset/images/val) by extensions ['ros']
[0.292s] Level 1:colcon.colcon_core.package_identification:_identify(yolo_dataset/images/val) by extension 'ros'
[0.292s] Level 1:colcon.colcon_core.package_identification:_identify(yolo_dataset/images/val) by extensions ['cmake', 'python']
[0.292s] Level 1:colcon.colcon_core.package_identification:_identify(yolo_dataset/images/val) by extension 'cmake'
[0.292s] Level 1:colcon.colcon_core.package_identification:_identify(yolo_dataset/images/val) by extension 'python'
[0.292s] Level 1:colcon.colcon_core.package_identification:_identify(yolo_dataset/images/val) by extensions ['python_setup_py']
[0.292s] Level 1:colcon.colcon_core.package_identification:_identify(yolo_dataset/images/val) by extension 'python_setup_py'
[0.292s] Level 1:colcon.colcon_core.package_identification:_identify(yolo_dataset/labels) by extensions ['ignore', 'ignore_ament_install']
[0.293s] Level 1:colcon.colcon_core.package_identification:_identify(yolo_dataset/labels) by extension 'ignore'
[0.293s] Level 1:colcon.colcon_core.package_identification:_identify(yolo_dataset/labels) by extension 'ignore_ament_install'
[0.293s] Level 1:colcon.colcon_core.package_identification:_identify(yolo_dataset/labels) by extensions ['colcon_pkg']
[0.293s] Level 1:colcon.colcon_core.package_identification:_identify(yolo_dataset/labels) by extension 'colcon_pkg'
[0.293s] Level 1:colcon.colcon_core.package_identification:_identify(yolo_dataset/labels) by extensions ['colcon_meta']
[0.293s] Level 1:colcon.colcon_core.package_identification:_identify(yolo_dataset/labels) by extension 'colcon_meta'
[0.293s] Level 1:colcon.colcon_core.package_identification:_identify(yolo_dataset/labels) by extensions ['ros']
[0.293s] Level 1:colcon.colcon_core.package_identification:_identify(yolo_dataset/labels) by extension 'ros'
[0.293s] Level 1:colcon.colcon_core.package_identification:_identify(yolo_dataset/labels) by extensions ['cmake', 'python']
[0.293s] Level 1:colcon.colcon_core.package_identification:_identify(yolo_dataset/labels) by extension 'cmake'
[0.293s] Level 1:colcon.colcon_core.package_identification:_identify(yolo_dataset/labels) by extension 'python'
[0.293s] Level 1:colcon.colcon_core.package_identification:_identify(yolo_dataset/labels) by extensions ['python_setup_py']
[0.293s] Level 1:colcon.colcon_core.package_identification:_identify(yolo_dataset/labels) by extension 'python_setup_py'
[0.293s] Level 1:colcon.colcon_core.package_identification:_identify(yolo_dataset/labels/train) by extensions ['ignore', 'ignore_ament_install']
[0.294s] Level 1:colcon.colcon_core.package_identification:_identify(yolo_dataset/labels/train) by extension 'ignore'
[0.294s] Level 1:colcon.colcon_core.package_identification:_identify(yolo_dataset/labels/train) by extension 'ignore_ament_install'
[0.294s] Level 1:colcon.colcon_core.package_identification:_identify(yolo_dataset/labels/train) by extensions ['colcon_pkg']
[0.294s] Level 1:colcon.colcon_core.package_identification:_identify(yolo_dataset/labels/train) by extension 'colcon_pkg'
[0.294s] Level 1:colcon.colcon_core.package_identification:_identify(yolo_dataset/labels/train) by extensions ['colcon_meta']
[0.294s] Level 1:colcon.colcon_core.package_identification:_identify(yolo_dataset/labels/train) by extension 'colcon_meta'
[0.294s] Level 1:colcon.colcon_core.package_identification:_identify(yolo_dataset/labels/train) by extensions ['ros']
[0.294s] Level 1:colcon.colcon_core.package_identification:_identify(yolo_dataset/labels/train) by extension 'ros'
[0.294s] Level 1:colcon.colcon_core.package_identification:_identify(yolo_dataset/labels/train) by extensions ['cmake', 'python']
[0.294s] Level 1:colcon.colcon_core.package_identification:_identify(yolo_dataset/labels/train) by extension 'cmake'
[0.294s] Level 1:colcon.colcon_core.package_identification:_identify(yolo_dataset/labels/train) by extension 'python'
[0.294s] Level 1:colcon.colcon_core.package_identification:_identify(yolo_dataset/labels/train) by extensions ['python_setup_py']
[0.295s] Level 1:colcon.colcon_core.package_identification:_identify(yolo_dataset/labels/train) by extension 'python_setup_py'
[0.295s] Level 1:colcon.colcon_core.package_identification:_identify(yolo_dataset/labels/val) by extensions ['ignore', 'ignore_ament_install']
[0.295s] Level 1:colcon.colcon_core.package_identification:_identify(yolo_dataset/labels/val) by extension 'ignore'
[0.296s] Level 1:colcon.colcon_core.package_identification:_identify(yolo_dataset/labels/val) by extension 'ignore_ament_install'
[0.296s] Level 1:colcon.colcon_core.package_identification:_identify(yolo_dataset/labels/val) by extensions ['colcon_pkg']
[0.296s] Level 1:colcon.colcon_core.package_identification:_identify(yolo_dataset/labels/val) by extension 'colcon_pkg'
[0.296s] Level 1:colcon.colcon_core.package_identification:_identify(yolo_dataset/labels/val) by extensions ['colcon_meta']
[0.296s] Level 1:colcon.colcon_core.package_identification:_identify(yolo_dataset/labels/val) by extension 'colcon_meta'
[0.296s] Level 1:colcon.colcon_core.package_identification:_identify(yolo_dataset/labels/val) by extensions ['ros']
[0.296s] Level 1:colcon.colcon_core.package_identification:_identify(yolo_dataset/labels/val) by extension 'ros'
[0.296s] Level 1:colcon.colcon_core.package_identification:_identify(yolo_dataset/labels/val) by extensions ['cmake', 'python']
[0.296s] Level 1:colcon.colcon_core.package_identification:_identify(yolo_dataset/labels/val) by extension 'cmake'
[0.296s] Level 1:colcon.colcon_core.package_identification:_identify(yolo_dataset/labels/val) by extension 'python'
[0.296s] Level 1:colcon.colcon_core.package_identification:_identify(yolo_dataset/labels/val) by extensions ['python_setup_py']
[0.296s] Level 1:colcon.colcon_core.package_identification:_identify(yolo_dataset/labels/val) by extension 'python_setup_py'
[0.296s] Level 1:colcon.colcon_core.package_discovery:discover_packages(recursive) using defaults
[0.296s] Level 1:colcon.colcon_core.package_discovery:discover_packages(ignore) discover
[0.296s] Level 1:colcon.colcon_core.package_discovery:discover_packages(ignore) using defaults
[0.296s] Level 1:colcon.colcon_core.package_discovery:discover_packages(path) discover
[0.296s] Level 1:colcon.colcon_core.package_discovery:discover_packages(path) using defaults
[0.320s] INFO:colcon.colcon_core.package_selection:Skipping not selected package 'darknet' in 'models/darknet'
[0.320s] INFO:colcon.colcon_core.package_selection:Skipping not selected package 'robot_description' in 'src/robot_description'
[0.321s] Level 1:colcon.colcon_core.package_discovery:discover_packages(prefix_path) check parameters
[0.322s] Level 1:colcon.colcon_core.package_discovery:discover_packages(prefix_path) discover
[0.324s] DEBUG:colcon.colcon_installed_package_information.package_discovery:Found 1 installed packages in /home/raspb/ros_ws/install
[0.325s] DEBUG:colcon.colcon_installed_package_information.package_discovery:Found 317 installed packages in /opt/ros/humble
[0.341s] Level 1:colcon.colcon_core.package_discovery:discover_packages(prefix_path) using defaults
[0.378s] Level 5:colcon.colcon_core.verb:set package 'traffic_light_robot' build argument 'cmake_args' from command line to 'None'
[0.378s] Level 5:colcon.colcon_core.verb:set package 'traffic_light_robot' build argument 'cmake_target' from command line to 'None'
[0.378s] Level 5:colcon.colcon_core.verb:set package 'traffic_light_robot' build argument 'cmake_target_skip_unavailable' from command line to 'False'
[0.378s] Level 5:colcon.colcon_core.verb:set package 'traffic_light_robot' build argument 'cmake_clean_cache' from command line to 'False'
[0.378s] Level 5:colcon.colcon_core.verb:set package 'traffic_light_robot' build argument 'cmake_clean_first' from command line to 'False'
[0.378s] Level 5:colcon.colcon_core.verb:set package 'traffic_light_robot' build argument 'cmake_force_configure' from command line to 'False'
[0.378s] Level 5:colcon.colcon_core.verb:set package 'traffic_light_robot' build argument 'ament_cmake_args' from command line to 'None'
[0.378s] Level 5:colcon.colcon_core.verb:set package 'traffic_light_robot' build argument 'catkin_cmake_args' from command line to 'None'
[0.378s] Level 5:colcon.colcon_core.verb:set package 'traffic_light_robot' build argument 'catkin_skip_building_tests' from command line to 'False'
[0.378s] DEBUG:colcon.colcon_core.verb:Building package 'traffic_light_robot' with the following arguments: {'ament_cmake_args': None, 'build_base': '/home/raspb/Desktop/TrafficSenseAI/build/traffic_light_robot', 'catkin_cmake_args': None, 'catkin_skip_building_tests': False, 'cmake_args': None, 'cmake_clean_cache': False, 'cmake_clean_first': False, 'cmake_force_configure': False, 'cmake_target': None, 'cmake_target_skip_unavailable': False, 'install_base': '/home/raspb/Desktop/TrafficSenseAI/install/traffic_light_robot', 'merge_install': False, 'path': '/home/raspb/Desktop/TrafficSenseAI/src/traffic_light_robot', 'symlink_install': True, 'test_result_base': None}
[0.378s] INFO:colcon.colcon_core.executor:Executing jobs using 'parallel' executor
[0.381s] DEBUG:colcon.colcon_parallel_executor.executor.parallel:run_until_complete
[0.382s] INFO:colcon.colcon_ros.task.ament_python.build:Building ROS package in '/home/raspb/Desktop/TrafficSenseAI/src/traffic_light_robot' with build type 'ament_python'
[0.382s] Level 1:colcon.colcon_core.shell:create_environment_hook('traffic_light_robot', 'ament_prefix_path')
[0.384s] INFO:colcon.colcon_core.plugin_system:Skipping extension 'colcon_core.shell.bat': Not used on non-Windows systems
[0.384s] INFO:colcon.colcon_core.shell:Creating environment hook '/home/raspb/Desktop/TrafficSenseAI/install/traffic_light_robot/share/traffic_light_robot/hook/ament_prefix_path.ps1'
[0.385s] INFO:colcon.colcon_core.shell:Creating environment descriptor '/home/raspb/Desktop/TrafficSenseAI/install/traffic_light_robot/share/traffic_light_robot/hook/ament_prefix_path.dsv'
[0.387s] INFO:colcon.colcon_core.shell:Creating environment hook '/home/raspb/Desktop/TrafficSenseAI/install/traffic_light_robot/share/traffic_light_robot/hook/ament_prefix_path.sh'
[0.391s] INFO:colcon.colcon_core.shell:Skip shell extension 'powershell' for command environment: Not usable outside of PowerShell
[0.392s] DEBUG:colcon.colcon_core.shell:Skip shell extension 'dsv' for command environment
[0.729s] INFO:colcon.colcon_core.task.python.build:Building Python package in '/home/raspb/Desktop/TrafficSenseAI/src/traffic_light_robot'
[0.730s] INFO:colcon.colcon_core.shell:Skip shell extension 'powershell' for command environment: Not usable outside of PowerShell
[0.730s] DEBUG:colcon.colcon_core.shell:Skip shell extension 'dsv' for command environment
[1.254s] DEBUG:colcon.colcon_core.event_handler.log_command:Invoking command in '/home/raspb/Desktop/TrafficSenseAI/build/traffic_light_robot': PYTHONPATH=/home/raspb/Desktop/TrafficSenseAI/build/traffic_light_robot/prefix_override:/usr/lib/python3/dist-packages/colcon_core/task/python/colcon_distutils_commands:/home/raspb/Desktop/TrafficSenseAI/install/traffic_light_robot/lib/python3.10/site-packages:${PYTHONPATH} /usr/bin/python3 -W ignore:setup.py install is deprecated -W ignore:easy_install command is deprecated setup.py develop --editable --build-directory /home/raspb/Desktop/TrafficSenseAI/build/traffic_light_robot/build --no-deps symlink_data
[1.900s] Level 1:colcon.colcon_core.shell:create_environment_hook('traffic_light_robot', 'pythonpath_develop')
[1.902s] INFO:colcon.colcon_core.shell:Creating environment hook '/home/raspb/Desktop/TrafficSenseAI/build/traffic_light_robot/share/traffic_light_robot/hook/pythonpath_develop.ps1'
[1.903s] DEBUG:colcon.colcon_core.event_handler.log_command:Invoked command in '/home/raspb/Desktop/TrafficSenseAI/build/traffic_light_robot' returned '0': PYTHONPATH=/home/raspb/Desktop/TrafficSenseAI/build/traffic_light_robot/prefix_override:/usr/lib/python3/dist-packages/colcon_core/task/python/colcon_distutils_commands:/home/raspb/Desktop/TrafficSenseAI/install/traffic_light_robot/lib/python3.10/site-packages:${PYTHONPATH} /usr/bin/python3 -W ignore:setup.py install is deprecated -W ignore:easy_install command is deprecated setup.py develop --editable --build-directory /home/raspb/Desktop/TrafficSenseAI/build/traffic_light_robot/build --no-deps symlink_data
[1.905s] INFO:colcon.colcon_core.shell:Creating environment descriptor '/home/raspb/Desktop/TrafficSenseAI/build/traffic_light_robot/share/traffic_light_robot/hook/pythonpath_develop.dsv'
[1.906s] INFO:colcon.colcon_core.shell:Creating environment hook '/home/raspb/Desktop/TrafficSenseAI/build/traffic_light_robot/share/traffic_light_robot/hook/pythonpath_develop.sh'
[1.911s] Level 1:colcon.colcon_core.environment:checking '/home/raspb/Desktop/TrafficSenseAI/install/traffic_light_robot' for CMake module files
[1.913s] Level 1:colcon.colcon_core.environment:checking '/home/raspb/Desktop/TrafficSenseAI/install/traffic_light_robot' for CMake config files
[1.914s] Level 1:colcon.colcon_core.environment:checking '/home/raspb/Desktop/TrafficSenseAI/install/traffic_light_robot/lib'
[1.914s] Level 1:colcon.colcon_core.environment:checking '/home/raspb/Desktop/TrafficSenseAI/install/traffic_light_robot/bin'
[1.915s] Level 1:colcon.colcon_core.environment:checking '/home/raspb/Desktop/TrafficSenseAI/install/traffic_light_robot/lib/pkgconfig/traffic_light_robot.pc'
[1.915s] Level 1:colcon.colcon_core.environment:checking '/home/raspb/Desktop/TrafficSenseAI/install/traffic_light_robot/lib/python3.10/site-packages'
[1.916s] Level 1:colcon.colcon_core.shell:create_environment_hook('traffic_light_robot', 'pythonpath')
[1.916s] INFO:colcon.colcon_core.shell:Creating environment hook '/home/raspb/Desktop/TrafficSenseAI/install/traffic_light_robot/share/traffic_light_robot/hook/pythonpath.ps1'
[1.917s] INFO:colcon.colcon_core.shell:Creating environment descriptor '/home/raspb/Desktop/TrafficSenseAI/install/traffic_light_robot/share/traffic_light_robot/hook/pythonpath.dsv'
[1.919s] INFO:colcon.colcon_core.shell:Creating environment hook '/home/raspb/Desktop/TrafficSenseAI/install/traffic_light_robot/share/traffic_light_robot/hook/pythonpath.sh'
[1.921s] Level 1:colcon.colcon_core.environment:checking '/home/raspb/Desktop/TrafficSenseAI/install/traffic_light_robot/bin'
[1.921s] Level 1:colcon.colcon_core.environment:create_environment_scripts_only(traffic_light_robot)
[1.922s] INFO:colcon.colcon_core.shell:Creating package script '/home/raspb/Desktop/TrafficSenseAI/install/traffic_light_robot/share/traffic_light_robot/package.ps1'
[1.923s] INFO:colcon.colcon_core.shell:Creating package descriptor '/home/raspb/Desktop/TrafficSenseAI/install/traffic_light_robot/share/traffic_light_robot/package.dsv'
[1.926s] INFO:colcon.colcon_core.shell:Creating package script '/home/raspb/Desktop/TrafficSenseAI/install/traffic_light_robot/share/traffic_light_robot/package.sh'
[1.928s] INFO:colcon.colcon_core.shell:Creating package script '/home/raspb/Desktop/TrafficSenseAI/install/traffic_light_robot/share/traffic_light_robot/package.bash'
[1.929s] INFO:colcon.colcon_core.shell:Creating package script '/home/raspb/Desktop/TrafficSenseAI/install/traffic_light_robot/share/traffic_light_robot/package.zsh'
[1.933s] Level 1:colcon.colcon_core.environment:create_file_with_runtime_dependencies(/home/raspb/Desktop/TrafficSenseAI/install/traffic_light_robot/share/colcon-core/packages/traffic_light_robot)
[1.936s] DEBUG:colcon.colcon_parallel_executor.executor.parallel:closing loop
[1.937s] DEBUG:colcon.colcon_parallel_executor.executor.parallel:loop closed
[1.937s] DEBUG:colcon.colcon_parallel_executor.executor.parallel:run_until_complete finished with '0'
[1.937s] DEBUG:colcon.colcon_core.event_reactor:joining thread
[1.944s] INFO:colcon.colcon_core.plugin_system:Skipping extension 'colcon_notification.desktop_notification.terminal_notifier': Not used on non-Darwin systems
[1.952s] INFO:colcon.colcon_core.plugin_system:Skipping extension 'colcon_notification.desktop_notification.win32': Not used on non-Windows systems
[1.952s] INFO:colcon.colcon_notification.desktop_notification:Sending desktop notification using 'notify2'
[1.983s] DEBUG:colcon.colcon_core.event_reactor:joined thread
[1.983s] INFO:colcon.colcon_core.shell:Creating prefix script '/home/raspb/Desktop/TrafficSenseAI/install/local_setup.ps1'
[1.984s] INFO:colcon.colcon_core.shell:Creating prefix util module '/home/raspb/Desktop/TrafficSenseAI/install/_local_setup_util_ps1.py'
[1.989s] INFO:colcon.colcon_core.shell:Creating prefix chain script '/home/raspb/Desktop/TrafficSenseAI/install/setup.ps1'
[1.993s] INFO:colcon.colcon_core.shell:Creating prefix script '/home/raspb/Desktop/TrafficSenseAI/install/local_setup.sh'
[1.996s] INFO:colcon.colcon_core.shell:Creating prefix util module '/home/raspb/Desktop/TrafficSenseAI/install/_local_setup_util_sh.py'
[2.010s] INFO:colcon.colcon_core.shell:Creating prefix chain script '/home/raspb/Desktop/TrafficSenseAI/install/setup.sh'
[2.011s] INFO:colcon.colcon_core.shell:Creating prefix script '/home/raspb/Desktop/TrafficSenseAI/install/local_setup.bash'
[2.012s] INFO:colcon.colcon_core.shell:Creating prefix chain script '/home/raspb/Desktop/TrafficSenseAI/install/setup.bash'
[2.013s] INFO:colcon.colcon_core.shell:Creating prefix script '/home/raspb/Desktop/TrafficSenseAI/install/local_setup.zsh'
[2.014s] INFO:colcon.colcon_core.shell:Creating prefix chain script '/home/raspb/Desktop/TrafficSenseAI/install/setup.zsh'
