[0.761s] Invoking command in '/home/raspb/Desktop/TrafficSenseAI/build/traffic_light_robot': PYTHONPATH=/home/raspb/Desktop/TrafficSenseAI/build/traffic_light_robot/prefix_override:/usr/lib/python3/dist-packages/colcon_core/task/python/colcon_distutils_commands:/home/raspb/Desktop/TrafficSenseAI/install/traffic_light_robot/lib/python3.10/site-packages:${PYTHONPATH} /usr/bin/python3 -W ignore:setup.py install is deprecated -W ignore:easy_install command is deprecated setup.py develop --editable --build-directory /home/raspb/Desktop/TrafficSenseAI/build/traffic_light_robot/build --no-deps symlink_data --force
[1.007s] running develop
[1.161s] running egg_info
[1.164s] writing traffic_light_robot.egg-info/PKG-INFO
[1.164s] writing dependency_links to traffic_light_robot.egg-info/dependency_links.txt
[1.164s] writing entry points to traffic_light_robot.egg-info/entry_points.txt
[1.164s] writing requirements to traffic_light_robot.egg-info/requires.txt
[1.164s] writing top-level names to traffic_light_robot.egg-info/top_level.txt
[1.165s] reading manifest file 'traffic_light_robot.egg-info/SOURCES.txt'
[1.167s] writing manifest file 'traffic_light_robot.egg-info/SOURCES.txt'
[1.168s] running build_ext
[1.168s] Creating /home/raspb/Desktop/TrafficSenseAI/install/traffic_light_robot/lib/python3.10/site-packages/traffic-light-robot.egg-link (link to .)
[1.170s] Installing controller_node script to /home/raspb/Desktop/TrafficSenseAI/install/traffic_light_robot/lib/traffic_light_robot
[1.170s] Installing detector_node script to /home/raspb/Desktop/TrafficSenseAI/install/traffic_light_robot/lib/traffic_light_robot
[1.171s] 
[1.171s] Installed /home/raspb/Desktop/TrafficSenseAI/build/traffic_light_robot
[1.171s] running symlink_data
[1.171s] symbolically linking /home/raspb/Desktop/TrafficSenseAI/build/traffic_light_robot/resource/traffic_light_robot -> /home/raspb/Desktop/TrafficSenseAI/install/traffic_light_robot/share/ament_index/resource_index/packages
[1.171s] symbolically linking /home/raspb/Desktop/TrafficSenseAI/build/traffic_light_robot/package.xml -> /home/raspb/Desktop/TrafficSenseAI/install/traffic_light_robot/share/traffic_light_robot
[1.209s] Invoked command in '/home/raspb/Desktop/TrafficSenseAI/build/traffic_light_robot' returned '0': PYTHONPATH=/home/raspb/Desktop/TrafficSenseAI/build/traffic_light_robot/prefix_override:/usr/lib/python3/dist-packages/colcon_core/task/python/colcon_distutils_commands:/home/raspb/Desktop/TrafficSenseAI/install/traffic_light_robot/lib/python3.10/site-packages:${PYTHONPATH} /usr/bin/python3 -W ignore:setup.py install is deprecated -W ignore:easy_install command is deprecated setup.py develop --editable --build-directory /home/raspb/Desktop/TrafficSenseAI/build/traffic_light_robot/build --no-deps symlink_data --force
