[0.175s] DEBUG:colcon:Command line arguments: ['/usr/bin/colcon', 'build', '--packages-select', 'traffic_light_robot']
[0.175s] DEBUG:colcon:Parsed command line arguments: Namespace(log_base=None, log_level=None, verb_name='build', build_base='build', install_base='install', merge_install=False, symlink_install=False, test_result_base=None, continue_on_error=False, executor='parallel', parallel_workers=5, event_handlers=None, ignore_user_meta=False, metas=['./colcon.meta'], base_paths=['.'], packages_ignore=None, packages_ignore_regex=None, paths=None, packages_up_to=None, packages_up_to_regex=None, packages_above=None, packages_above_and_dependencies=None, packages_above_depth=None, packages_select_by_dep=None, packages_skip_by_dep=None, packages_skip_up_to=None, packages_select_build_failed=False, packages_skip_build_finished=False, packages_select_test_failures=False, packages_skip_test_passed=False, packages_select=['traffic_light_robot'], packages_skip=None, packages_select_regex=None, packages_skip_regex=None, packages_start=None, packages_end=None, allow_overriding=[], cmake_args=None, cmake_target=None, cmake_target_skip_unavailable=False, cmake_clean_cache=False, cmake_clean_first=False, cmake_force_configure=False, ament_cmake_args=None, catkin_cmake_args=None, catkin_skip_building_tests=False, verb_parser=<colcon_defaults.argument_parser.defaults.DefaultArgumentsDecorator object at 0x7fd87adcb760>, verb_extension=<colcon_core.verb.build.BuildVerb object at 0x7fd87af70c70>, main=<bound method BuildVerb.main of <colcon_core.verb.build.BuildVerb object at 0x7fd87af70c70>>)
[0.435s] Level 1:colcon.colcon_core.package_discovery:discover_packages(colcon_meta) check parameters
[0.436s] Level 1:colcon.colcon_core.package_discovery:discover_packages(recursive) check parameters
[0.437s] Level 1:colcon.colcon_core.package_discovery:discover_packages(ignore) check parameters
[0.437s] Level 1:colcon.colcon_core.package_discovery:discover_packages(path) check parameters
[0.437s] Level 1:colcon.colcon_core.package_discovery:discover_packages(colcon_meta) discover
[0.438s] Level 1:colcon.colcon_core.package_discovery:discover_packages(recursive) discover
[0.438s] INFO:colcon.colcon_core.package_discovery:Crawling recursively for packages in '/home/raspb/Desktop/TrafficSenseAI'
[0.438s] Level 1:colcon.colcon_core.package_identification:_identify(.) by extensions ['ignore', 'ignore_ament_install']
[0.438s] Level 1:colcon.colcon_core.package_identification:_identify(.) by extension 'ignore'
[0.439s] Level 1:colcon.colcon_core.package_identification:_identify(.) by extension 'ignore_ament_install'
[0.439s] Level 1:colcon.colcon_core.package_identification:_identify(.) by extensions ['colcon_pkg']
[0.439s] Level 1:colcon.colcon_core.package_identification:_identify(.) by extension 'colcon_pkg'
[0.439s] Level 1:colcon.colcon_core.package_identification:_identify(.) by extensions ['colcon_meta']
[0.439s] Level 1:colcon.colcon_core.package_identification:_identify(.) by extension 'colcon_meta'
[0.439s] Level 1:colcon.colcon_core.package_identification:_identify(.) by extensions ['ros']
[0.440s] Level 1:colcon.colcon_core.package_identification:_identify(.) by extension 'ros'
[0.458s] Level 1:colcon.colcon_core.package_identification:_identify(.) by extensions ['cmake', 'python']
[0.459s] Level 1:colcon.colcon_core.package_identification:_identify(.) by extension 'cmake'
[0.460s] Level 1:colcon.colcon_core.package_identification:_identify(.) by extension 'python'
[0.460s] Level 1:colcon.colcon_core.package_identification:_identify(.) by extensions ['python_setup_py']
[0.460s] Level 1:colcon.colcon_core.package_identification:_identify(.) by extension 'python_setup_py'
[0.460s] Level 1:colcon.colcon_core.package_identification:_identify(build) by extensions ['ignore', 'ignore_ament_install']
[0.461s] Level 1:colcon.colcon_core.package_identification:_identify(build) by extension 'ignore'
[0.461s] Level 1:colcon.colcon_core.package_identification:_identify(build) ignored
[0.461s] Level 1:colcon.colcon_core.package_identification:_identify(install) by extensions ['ignore', 'ignore_ament_install']
[0.462s] Level 1:colcon.colcon_core.package_identification:_identify(install) by extension 'ignore'
[0.462s] Level 1:colcon.colcon_core.package_identification:_identify(install) ignored
[0.462s] Level 1:colcon.colcon_core.package_identification:_identify(log) by extensions ['ignore', 'ignore_ament_install']
[0.462s] Level 1:colcon.colcon_core.package_identification:_identify(log) by extension 'ignore'
[0.462s] Level 1:colcon.colcon_core.package_identification:_identify(log) ignored
[0.463s] Level 1:colcon.colcon_core.package_identification:_identify(models) by extensions ['ignore', 'ignore_ament_install']
[0.463s] Level 1:colcon.colcon_core.package_identification:_identify(models) by extension 'ignore'
[0.463s] Level 1:colcon.colcon_core.package_identification:_identify(models) by extension 'ignore_ament_install'
[0.463s] Level 1:colcon.colcon_core.package_identification:_identify(models) by extensions ['colcon_pkg']
[0.463s] Level 1:colcon.colcon_core.package_identification:_identify(models) by extension 'colcon_pkg'
[0.464s] Level 1:colcon.colcon_core.package_identification:_identify(models) by extensions ['colcon_meta']
[0.464s] Level 1:colcon.colcon_core.package_identification:_identify(models) by extension 'colcon_meta'
[0.464s] Level 1:colcon.colcon_core.package_identification:_identify(models) by extensions ['ros']
[0.464s] Level 1:colcon.colcon_core.package_identification:_identify(models) by extension 'ros'
[0.464s] Level 1:colcon.colcon_core.package_identification:_identify(models) by extensions ['cmake', 'python']
[0.464s] Level 1:colcon.colcon_core.package_identification:_identify(models) by extension 'cmake'
[0.464s] Level 1:colcon.colcon_core.package_identification:_identify(models) by extension 'python'
[0.464s] Level 1:colcon.colcon_core.package_identification:_identify(models) by extensions ['python_setup_py']
[0.465s] Level 1:colcon.colcon_core.package_identification:_identify(models) by extension 'python_setup_py'
[0.465s] Level 1:colcon.colcon_core.package_identification:_identify(models/darknet) by extensions ['ignore', 'ignore_ament_install']
[0.465s] Level 1:colcon.colcon_core.package_identification:_identify(models/darknet) by extension 'ignore'
[0.465s] Level 1:colcon.colcon_core.package_identification:_identify(models/darknet) by extension 'ignore_ament_install'
[0.465s] Level 1:colcon.colcon_core.package_identification:_identify(models/darknet) by extensions ['colcon_pkg']
[0.465s] Level 1:colcon.colcon_core.package_identification:_identify(models/darknet) by extension 'colcon_pkg'
[0.465s] Level 1:colcon.colcon_core.package_identification:_identify(models/darknet) by extensions ['colcon_meta']
[0.466s] Level 1:colcon.colcon_core.package_identification:_identify(models/darknet) by extension 'colcon_meta'
[0.466s] Level 1:colcon.colcon_core.package_identification:_identify(models/darknet) by extensions ['ros']
[0.466s] Level 1:colcon.colcon_core.package_identification:_identify(models/darknet) by extension 'ros'
[0.469s] DEBUG:colcon.colcon_core.package_identification:Package 'models/darknet' with type 'ros.cmake' and name 'darknet'
[0.470s] Level 1:colcon.colcon_core.package_identification:_identify(models/weights) by extensions ['ignore', 'ignore_ament_install']
[0.471s] Level 1:colcon.colcon_core.package_identification:_identify(models/weights) by extension 'ignore'
[0.471s] Level 1:colcon.colcon_core.package_identification:_identify(models/weights) by extension 'ignore_ament_install'
[0.471s] Level 1:colcon.colcon_core.package_identification:_identify(models/weights) by extensions ['colcon_pkg']
[0.471s] Level 1:colcon.colcon_core.package_identification:_identify(models/weights) by extension 'colcon_pkg'
[0.471s] Level 1:colcon.colcon_core.package_identification:_identify(models/weights) by extensions ['colcon_meta']
[0.471s] Level 1:colcon.colcon_core.package_identification:_identify(models/weights) by extension 'colcon_meta'
[0.471s] Level 1:colcon.colcon_core.package_identification:_identify(models/weights) by extensions ['ros']
[0.471s] Level 1:colcon.colcon_core.package_identification:_identify(models/weights) by extension 'ros'
[0.471s] Level 1:colcon.colcon_core.package_identification:_identify(models/weights) by extensions ['cmake', 'python']
[0.471s] Level 1:colcon.colcon_core.package_identification:_identify(models/weights) by extension 'cmake'
[0.471s] Level 1:colcon.colcon_core.package_identification:_identify(models/weights) by extension 'python'
[0.471s] Level 1:colcon.colcon_core.package_identification:_identify(models/weights) by extensions ['python_setup_py']
[0.471s] Level 1:colcon.colcon_core.package_identification:_identify(models/weights) by extension 'python_setup_py'
[0.471s] Level 1:colcon.colcon_core.package_identification:_identify(scripts) by extensions ['ignore', 'ignore_ament_install']
[0.472s] Level 1:colcon.colcon_core.package_identification:_identify(scripts) by extension 'ignore'
[0.472s] Level 1:colcon.colcon_core.package_identification:_identify(scripts) by extension 'ignore_ament_install'
[0.472s] Level 1:colcon.colcon_core.package_identification:_identify(scripts) by extensions ['colcon_pkg']
[0.472s] Level 1:colcon.colcon_core.package_identification:_identify(scripts) by extension 'colcon_pkg'
[0.472s] Level 1:colcon.colcon_core.package_identification:_identify(scripts) by extensions ['colcon_meta']
[0.472s] Level 1:colcon.colcon_core.package_identification:_identify(scripts) by extension 'colcon_meta'
[0.472s] Level 1:colcon.colcon_core.package_identification:_identify(scripts) by extensions ['ros']
[0.472s] Level 1:colcon.colcon_core.package_identification:_identify(scripts) by extension 'ros'
[0.472s] Level 1:colcon.colcon_core.package_identification:_identify(scripts) by extensions ['cmake', 'python']
[0.472s] Level 1:colcon.colcon_core.package_identification:_identify(scripts) by extension 'cmake'
[0.472s] Level 1:colcon.colcon_core.package_identification:_identify(scripts) by extension 'python'
[0.472s] Level 1:colcon.colcon_core.package_identification:_identify(scripts) by extensions ['python_setup_py']
[0.472s] Level 1:colcon.colcon_core.package_identification:_identify(scripts) by extension 'python_setup_py'
[0.473s] Level 1:colcon.colcon_core.package_identification:_identify(src) by extensions ['ignore', 'ignore_ament_install']
[0.473s] Level 1:colcon.colcon_core.package_identification:_identify(src) by extension 'ignore'
[0.473s] Level 1:colcon.colcon_core.package_identification:_identify(src) by extension 'ignore_ament_install'
[0.473s] Level 1:colcon.colcon_core.package_identification:_identify(src) by extensions ['colcon_pkg']
[0.474s] Level 1:colcon.colcon_core.package_identification:_identify(src) by extension 'colcon_pkg'
[0.474s] Level 1:colcon.colcon_core.package_identification:_identify(src) by extensions ['colcon_meta']
[0.474s] Level 1:colcon.colcon_core.package_identification:_identify(src) by extension 'colcon_meta'
[0.475s] Level 1:colcon.colcon_core.package_identification:_identify(src) by extensions ['ros']
[0.475s] Level 1:colcon.colcon_core.package_identification:_identify(src) by extension 'ros'
[0.475s] Level 1:colcon.colcon_core.package_identification:_identify(src) by extensions ['cmake', 'python']
[0.475s] Level 1:colcon.colcon_core.package_identification:_identify(src) by extension 'cmake'
[0.475s] Level 1:colcon.colcon_core.package_identification:_identify(src) by extension 'python'
[0.475s] Level 1:colcon.colcon_core.package_identification:_identify(src) by extensions ['python_setup_py']
[0.476s] Level 1:colcon.colcon_core.package_identification:_identify(src) by extension 'python_setup_py'
[0.477s] Level 1:colcon.colcon_core.package_identification:_identify(src/robot_description) by extensions ['ignore', 'ignore_ament_install']
[0.477s] Level 1:colcon.colcon_core.package_identification:_identify(src/robot_description) by extension 'ignore'
[0.477s] Level 1:colcon.colcon_core.package_identification:_identify(src/robot_description) by extension 'ignore_ament_install'
[0.477s] Level 1:colcon.colcon_core.package_identification:_identify(src/robot_description) by extensions ['colcon_pkg']
[0.477s] Level 1:colcon.colcon_core.package_identification:_identify(src/robot_description) by extension 'colcon_pkg'
[0.477s] Level 1:colcon.colcon_core.package_identification:_identify(src/robot_description) by extensions ['colcon_meta']
[0.478s] Level 1:colcon.colcon_core.package_identification:_identify(src/robot_description) by extension 'colcon_meta'
[0.478s] Level 1:colcon.colcon_core.package_identification:_identify(src/robot_description) by extensions ['ros']
[0.478s] Level 1:colcon.colcon_core.package_identification:_identify(src/robot_description) by extension 'ros'
[0.480s] DEBUG:colcon.colcon_core.package_identification:Package 'src/robot_description' with type 'ros.ament_cmake' and name 'robot_description'
[0.481s] Level 1:colcon.colcon_core.package_identification:_identify(src/traffic_light_robot) by extensions ['ignore', 'ignore_ament_install']
[0.481s] Level 1:colcon.colcon_core.package_identification:_identify(src/traffic_light_robot) by extension 'ignore'
[0.481s] Level 1:colcon.colcon_core.package_identification:_identify(src/traffic_light_robot) by extension 'ignore_ament_install'
[0.481s] Level 1:colcon.colcon_core.package_identification:_identify(src/traffic_light_robot) by extensions ['colcon_pkg']
[0.481s] Level 1:colcon.colcon_core.package_identification:_identify(src/traffic_light_robot) by extension 'colcon_pkg'
[0.481s] Level 1:colcon.colcon_core.package_identification:_identify(src/traffic_light_robot) by extensions ['colcon_meta']
[0.481s] Level 1:colcon.colcon_core.package_identification:_identify(src/traffic_light_robot) by extension 'colcon_meta'
[0.481s] Level 1:colcon.colcon_core.package_identification:_identify(src/traffic_light_robot) by extensions ['ros']
[0.481s] Level 1:colcon.colcon_core.package_identification:_identify(src/traffic_light_robot) by extension 'ros'
[0.484s] DEBUG:colcon.colcon_core.package_identification:Package 'src/traffic_light_robot' with type 'ros.ament_python' and name 'traffic_light_robot'
[0.485s] Level 1:colcon.colcon_core.package_identification:_identify(test_logs) by extensions ['ignore', 'ignore_ament_install']
[0.485s] Level 1:colcon.colcon_core.package_identification:_identify(test_logs) by extension 'ignore'
[0.485s] Level 1:colcon.colcon_core.package_identification:_identify(test_logs) by extension 'ignore_ament_install'
[0.485s] Level 1:colcon.colcon_core.package_identification:_identify(test_logs) by extensions ['colcon_pkg']
[0.485s] Level 1:colcon.colcon_core.package_identification:_identify(test_logs) by extension 'colcon_pkg'
[0.485s] Level 1:colcon.colcon_core.package_identification:_identify(test_logs) by extensions ['colcon_meta']
[0.486s] Level 1:colcon.colcon_core.package_identification:_identify(test_logs) by extension 'colcon_meta'
[0.486s] Level 1:colcon.colcon_core.package_identification:_identify(test_logs) by extensions ['ros']
[0.486s] Level 1:colcon.colcon_core.package_identification:_identify(test_logs) by extension 'ros'
[0.486s] Level 1:colcon.colcon_core.package_identification:_identify(test_logs) by extensions ['cmake', 'python']
[0.486s] Level 1:colcon.colcon_core.package_identification:_identify(test_logs) by extension 'cmake'
[0.486s] Level 1:colcon.colcon_core.package_identification:_identify(test_logs) by extension 'python'
[0.486s] Level 1:colcon.colcon_core.package_identification:_identify(test_logs) by extensions ['python_setup_py']
[0.486s] Level 1:colcon.colcon_core.package_identification:_identify(test_logs) by extension 'python_setup_py'
[0.487s] Level 1:colcon.colcon_core.package_identification:_identify(tuning_results) by extensions ['ignore', 'ignore_ament_install']
[0.488s] Level 1:colcon.colcon_core.package_identification:_identify(tuning_results) by extension 'ignore'
[0.488s] Level 1:colcon.colcon_core.package_identification:_identify(tuning_results) by extension 'ignore_ament_install'
[0.488s] Level 1:colcon.colcon_core.package_identification:_identify(tuning_results) by extensions ['colcon_pkg']
[0.488s] Level 1:colcon.colcon_core.package_identification:_identify(tuning_results) by extension 'colcon_pkg'
[0.488s] Level 1:colcon.colcon_core.package_identification:_identify(tuning_results) by extensions ['colcon_meta']
[0.488s] Level 1:colcon.colcon_core.package_identification:_identify(tuning_results) by extension 'colcon_meta'
[0.489s] Level 1:colcon.colcon_core.package_identification:_identify(tuning_results) by extensions ['ros']
[0.489s] Level 1:colcon.colcon_core.package_identification:_identify(tuning_results) by extension 'ros'
[0.489s] Level 1:colcon.colcon_core.package_identification:_identify(tuning_results) by extensions ['cmake', 'python']
[0.490s] Level 1:colcon.colcon_core.package_identification:_identify(tuning_results) by extension 'cmake'
[0.490s] Level 1:colcon.colcon_core.package_identification:_identify(tuning_results) by extension 'python'
[0.490s] Level 1:colcon.colcon_core.package_identification:_identify(tuning_results) by extensions ['python_setup_py']
[0.490s] Level 1:colcon.colcon_core.package_identification:_identify(tuning_results) by extension 'python_setup_py'
[0.491s] Level 1:colcon.colcon_core.package_identification:_identify(yolo_dataset) by extensions ['ignore', 'ignore_ament_install']
[0.491s] Level 1:colcon.colcon_core.package_identification:_identify(yolo_dataset) by extension 'ignore'
[0.491s] Level 1:colcon.colcon_core.package_identification:_identify(yolo_dataset) by extension 'ignore_ament_install'
[0.491s] Level 1:colcon.colcon_core.package_identification:_identify(yolo_dataset) by extensions ['colcon_pkg']
[0.491s] Level 1:colcon.colcon_core.package_identification:_identify(yolo_dataset) by extension 'colcon_pkg'
[0.491s] Level 1:colcon.colcon_core.package_identification:_identify(yolo_dataset) by extensions ['colcon_meta']
[0.491s] Level 1:colcon.colcon_core.package_identification:_identify(yolo_dataset) by extension 'colcon_meta'
[0.491s] Level 1:colcon.colcon_core.package_identification:_identify(yolo_dataset) by extensions ['ros']
[0.491s] Level 1:colcon.colcon_core.package_identification:_identify(yolo_dataset) by extension 'ros'
[0.491s] Level 1:colcon.colcon_core.package_identification:_identify(yolo_dataset) by extensions ['cmake', 'python']
[0.491s] Level 1:colcon.colcon_core.package_identification:_identify(yolo_dataset) by extension 'cmake'
[0.492s] Level 1:colcon.colcon_core.package_identification:_identify(yolo_dataset) by extension 'python'
[0.492s] Level 1:colcon.colcon_core.package_identification:_identify(yolo_dataset) by extensions ['python_setup_py']
[0.492s] Level 1:colcon.colcon_core.package_identification:_identify(yolo_dataset) by extension 'python_setup_py'
[0.492s] Level 1:colcon.colcon_core.package_identification:_identify(yolo_dataset/images) by extensions ['ignore', 'ignore_ament_install']
[0.493s] Level 1:colcon.colcon_core.package_identification:_identify(yolo_dataset/images) by extension 'ignore'
[0.493s] Level 1:colcon.colcon_core.package_identification:_identify(yolo_dataset/images) by extension 'ignore_ament_install'
[0.493s] Level 1:colcon.colcon_core.package_identification:_identify(yolo_dataset/images) by extensions ['colcon_pkg']
[0.493s] Level 1:colcon.colcon_core.package_identification:_identify(yolo_dataset/images) by extension 'colcon_pkg'
[0.493s] Level 1:colcon.colcon_core.package_identification:_identify(yolo_dataset/images) by extensions ['colcon_meta']
[0.493s] Level 1:colcon.colcon_core.package_identification:_identify(yolo_dataset/images) by extension 'colcon_meta'
[0.493s] Level 1:colcon.colcon_core.package_identification:_identify(yolo_dataset/images) by extensions ['ros']
[0.493s] Level 1:colcon.colcon_core.package_identification:_identify(yolo_dataset/images) by extension 'ros'
[0.493s] Level 1:colcon.colcon_core.package_identification:_identify(yolo_dataset/images) by extensions ['cmake', 'python']
[0.493s] Level 1:colcon.colcon_core.package_identification:_identify(yolo_dataset/images) by extension 'cmake'
[0.493s] Level 1:colcon.colcon_core.package_identification:_identify(yolo_dataset/images) by extension 'python'
[0.493s] Level 1:colcon.colcon_core.package_identification:_identify(yolo_dataset/images) by extensions ['python_setup_py']
[0.493s] Level 1:colcon.colcon_core.package_identification:_identify(yolo_dataset/images) by extension 'python_setup_py'
[0.494s] Level 1:colcon.colcon_core.package_identification:_identify(yolo_dataset/images/train) by extensions ['ignore', 'ignore_ament_install']
[0.495s] Level 1:colcon.colcon_core.package_identification:_identify(yolo_dataset/images/train) by extension 'ignore'
[0.495s] Level 1:colcon.colcon_core.package_identification:_identify(yolo_dataset/images/train) by extension 'ignore_ament_install'
[0.495s] Level 1:colcon.colcon_core.package_identification:_identify(yolo_dataset/images/train) by extensions ['colcon_pkg']
[0.495s] Level 1:colcon.colcon_core.package_identification:_identify(yolo_dataset/images/train) by extension 'colcon_pkg'
[0.495s] Level 1:colcon.colcon_core.package_identification:_identify(yolo_dataset/images/train) by extensions ['colcon_meta']
[0.495s] Level 1:colcon.colcon_core.package_identification:_identify(yolo_dataset/images/train) by extension 'colcon_meta'
[0.495s] Level 1:colcon.colcon_core.package_identification:_identify(yolo_dataset/images/train) by extensions ['ros']
[0.496s] Level 1:colcon.colcon_core.package_identification:_identify(yolo_dataset/images/train) by extension 'ros'
[0.496s] Level 1:colcon.colcon_core.package_identification:_identify(yolo_dataset/images/train) by extensions ['cmake', 'python']
[0.496s] Level 1:colcon.colcon_core.package_identification:_identify(yolo_dataset/images/train) by extension 'cmake'
[0.496s] Level 1:colcon.colcon_core.package_identification:_identify(yolo_dataset/images/train) by extension 'python'
[0.496s] Level 1:colcon.colcon_core.package_identification:_identify(yolo_dataset/images/train) by extensions ['python_setup_py']
[0.496s] Level 1:colcon.colcon_core.package_identification:_identify(yolo_dataset/images/train) by extension 'python_setup_py'
[0.497s] Level 1:colcon.colcon_core.package_identification:_identify(yolo_dataset/images/val) by extensions ['ignore', 'ignore_ament_install']
[0.497s] Level 1:colcon.colcon_core.package_identification:_identify(yolo_dataset/images/val) by extension 'ignore'
[0.497s] Level 1:colcon.colcon_core.package_identification:_identify(yolo_dataset/images/val) by extension 'ignore_ament_install'
[0.497s] Level 1:colcon.colcon_core.package_identification:_identify(yolo_dataset/images/val) by extensions ['colcon_pkg']
[0.497s] Level 1:colcon.colcon_core.package_identification:_identify(yolo_dataset/images/val) by extension 'colcon_pkg'
[0.497s] Level 1:colcon.colcon_core.package_identification:_identify(yolo_dataset/images/val) by extensions ['colcon_meta']
[0.497s] Level 1:colcon.colcon_core.package_identification:_identify(yolo_dataset/images/val) by extension 'colcon_meta'
[0.497s] Level 1:colcon.colcon_core.package_identification:_identify(yolo_dataset/images/val) by extensions ['ros']
[0.497s] Level 1:colcon.colcon_core.package_identification:_identify(yolo_dataset/images/val) by extension 'ros'
[0.497s] Level 1:colcon.colcon_core.package_identification:_identify(yolo_dataset/images/val) by extensions ['cmake', 'python']
[0.498s] Level 1:colcon.colcon_core.package_identification:_identify(yolo_dataset/images/val) by extension 'cmake'
[0.498s] Level 1:colcon.colcon_core.package_identification:_identify(yolo_dataset/images/val) by extension 'python'
[0.498s] Level 1:colcon.colcon_core.package_identification:_identify(yolo_dataset/images/val) by extensions ['python_setup_py']
[0.498s] Level 1:colcon.colcon_core.package_identification:_identify(yolo_dataset/images/val) by extension 'python_setup_py'
[0.498s] Level 1:colcon.colcon_core.package_identification:_identify(yolo_dataset/labels) by extensions ['ignore', 'ignore_ament_install']
[0.499s] Level 1:colcon.colcon_core.package_identification:_identify(yolo_dataset/labels) by extension 'ignore'
[0.499s] Level 1:colcon.colcon_core.package_identification:_identify(yolo_dataset/labels) by extension 'ignore_ament_install'
[0.499s] Level 1:colcon.colcon_core.package_identification:_identify(yolo_dataset/labels) by extensions ['colcon_pkg']
[0.499s] Level 1:colcon.colcon_core.package_identification:_identify(yolo_dataset/labels) by extension 'colcon_pkg'
[0.499s] Level 1:colcon.colcon_core.package_identification:_identify(yolo_dataset/labels) by extensions ['colcon_meta']
[0.499s] Level 1:colcon.colcon_core.package_identification:_identify(yolo_dataset/labels) by extension 'colcon_meta'
[0.499s] Level 1:colcon.colcon_core.package_identification:_identify(yolo_dataset/labels) by extensions ['ros']
[0.499s] Level 1:colcon.colcon_core.package_identification:_identify(yolo_dataset/labels) by extension 'ros'
[0.499s] Level 1:colcon.colcon_core.package_identification:_identify(yolo_dataset/labels) by extensions ['cmake', 'python']
[0.499s] Level 1:colcon.colcon_core.package_identification:_identify(yolo_dataset/labels) by extension 'cmake'
[0.500s] Level 1:colcon.colcon_core.package_identification:_identify(yolo_dataset/labels) by extension 'python'
[0.500s] Level 1:colcon.colcon_core.package_identification:_identify(yolo_dataset/labels) by extensions ['python_setup_py']
[0.500s] Level 1:colcon.colcon_core.package_identification:_identify(yolo_dataset/labels) by extension 'python_setup_py'
[0.501s] Level 1:colcon.colcon_core.package_identification:_identify(yolo_dataset/labels/train) by extensions ['ignore', 'ignore_ament_install']
[0.501s] Level 1:colcon.colcon_core.package_identification:_identify(yolo_dataset/labels/train) by extension 'ignore'
[0.501s] Level 1:colcon.colcon_core.package_identification:_identify(yolo_dataset/labels/train) by extension 'ignore_ament_install'
[0.501s] Level 1:colcon.colcon_core.package_identification:_identify(yolo_dataset/labels/train) by extensions ['colcon_pkg']
[0.501s] Level 1:colcon.colcon_core.package_identification:_identify(yolo_dataset/labels/train) by extension 'colcon_pkg'
[0.501s] Level 1:colcon.colcon_core.package_identification:_identify(yolo_dataset/labels/train) by extensions ['colcon_meta']
[0.501s] Level 1:colcon.colcon_core.package_identification:_identify(yolo_dataset/labels/train) by extension 'colcon_meta'
[0.502s] Level 1:colcon.colcon_core.package_identification:_identify(yolo_dataset/labels/train) by extensions ['ros']
[0.502s] Level 1:colcon.colcon_core.package_identification:_identify(yolo_dataset/labels/train) by extension 'ros'
[0.502s] Level 1:colcon.colcon_core.package_identification:_identify(yolo_dataset/labels/train) by extensions ['cmake', 'python']
[0.502s] Level 1:colcon.colcon_core.package_identification:_identify(yolo_dataset/labels/train) by extension 'cmake'
[0.502s] Level 1:colcon.colcon_core.package_identification:_identify(yolo_dataset/labels/train) by extension 'python'
[0.502s] Level 1:colcon.colcon_core.package_identification:_identify(yolo_dataset/labels/train) by extensions ['python_setup_py']
[0.502s] Level 1:colcon.colcon_core.package_identification:_identify(yolo_dataset/labels/train) by extension 'python_setup_py'
[0.503s] Level 1:colcon.colcon_core.package_identification:_identify(yolo_dataset/labels/val) by extensions ['ignore', 'ignore_ament_install']
[0.503s] Level 1:colcon.colcon_core.package_identification:_identify(yolo_dataset/labels/val) by extension 'ignore'
[0.503s] Level 1:colcon.colcon_core.package_identification:_identify(yolo_dataset/labels/val) by extension 'ignore_ament_install'
[0.503s] Level 1:colcon.colcon_core.package_identification:_identify(yolo_dataset/labels/val) by extensions ['colcon_pkg']
[0.503s] Level 1:colcon.colcon_core.package_identification:_identify(yolo_dataset/labels/val) by extension 'colcon_pkg'
[0.503s] Level 1:colcon.colcon_core.package_identification:_identify(yolo_dataset/labels/val) by extensions ['colcon_meta']
[0.503s] Level 1:colcon.colcon_core.package_identification:_identify(yolo_dataset/labels/val) by extension 'colcon_meta'
[0.503s] Level 1:colcon.colcon_core.package_identification:_identify(yolo_dataset/labels/val) by extensions ['ros']
[0.503s] Level 1:colcon.colcon_core.package_identification:_identify(yolo_dataset/labels/val) by extension 'ros'
[0.504s] Level 1:colcon.colcon_core.package_identification:_identify(yolo_dataset/labels/val) by extensions ['cmake', 'python']
[0.504s] Level 1:colcon.colcon_core.package_identification:_identify(yolo_dataset/labels/val) by extension 'cmake'
[0.504s] Level 1:colcon.colcon_core.package_identification:_identify(yolo_dataset/labels/val) by extension 'python'
[0.504s] Level 1:colcon.colcon_core.package_identification:_identify(yolo_dataset/labels/val) by extensions ['python_setup_py']
[0.504s] Level 1:colcon.colcon_core.package_identification:_identify(yolo_dataset/labels/val) by extension 'python_setup_py'
[0.504s] Level 1:colcon.colcon_core.package_discovery:discover_packages(recursive) using defaults
[0.504s] Level 1:colcon.colcon_core.package_discovery:discover_packages(ignore) discover
[0.504s] Level 1:colcon.colcon_core.package_discovery:discover_packages(ignore) using defaults
[0.504s] Level 1:colcon.colcon_core.package_discovery:discover_packages(path) discover
[0.504s] Level 1:colcon.colcon_core.package_discovery:discover_packages(path) using defaults
[0.533s] INFO:colcon.colcon_core.package_selection:Skipping not selected package 'darknet' in 'models/darknet'
[0.533s] INFO:colcon.colcon_core.package_selection:Skipping not selected package 'robot_description' in 'src/robot_description'
[0.534s] Level 1:colcon.colcon_core.package_discovery:discover_packages(prefix_path) check parameters
[0.534s] Level 1:colcon.colcon_core.package_discovery:discover_packages(prefix_path) discover
[0.537s] DEBUG:colcon.colcon_installed_package_information.package_discovery:Found 1 installed packages in /home/raspb/ros_ws/install
[0.540s] DEBUG:colcon.colcon_installed_package_information.package_discovery:Found 317 installed packages in /opt/ros/humble
[0.556s] Level 1:colcon.colcon_core.package_discovery:discover_packages(prefix_path) using defaults
[0.616s] Level 5:colcon.colcon_core.verb:set package 'traffic_light_robot' build argument 'cmake_args' from command line to 'None'
[0.616s] Level 5:colcon.colcon_core.verb:set package 'traffic_light_robot' build argument 'cmake_target' from command line to 'None'
[0.616s] Level 5:colcon.colcon_core.verb:set package 'traffic_light_robot' build argument 'cmake_target_skip_unavailable' from command line to 'False'
[0.616s] Level 5:colcon.colcon_core.verb:set package 'traffic_light_robot' build argument 'cmake_clean_cache' from command line to 'False'
[0.616s] Level 5:colcon.colcon_core.verb:set package 'traffic_light_robot' build argument 'cmake_clean_first' from command line to 'False'
[0.617s] Level 5:colcon.colcon_core.verb:set package 'traffic_light_robot' build argument 'cmake_force_configure' from command line to 'False'
[0.617s] Level 5:colcon.colcon_core.verb:set package 'traffic_light_robot' build argument 'ament_cmake_args' from command line to 'None'
[0.617s] Level 5:colcon.colcon_core.verb:set package 'traffic_light_robot' build argument 'catkin_cmake_args' from command line to 'None'
[0.617s] Level 5:colcon.colcon_core.verb:set package 'traffic_light_robot' build argument 'catkin_skip_building_tests' from command line to 'False'
[0.617s] DEBUG:colcon.colcon_core.verb:Building package 'traffic_light_robot' with the following arguments: {'ament_cmake_args': None, 'build_base': '/home/raspb/Desktop/TrafficSenseAI/build/traffic_light_robot', 'catkin_cmake_args': None, 'catkin_skip_building_tests': False, 'cmake_args': None, 'cmake_clean_cache': False, 'cmake_clean_first': False, 'cmake_force_configure': False, 'cmake_target': None, 'cmake_target_skip_unavailable': False, 'install_base': '/home/raspb/Desktop/TrafficSenseAI/install/traffic_light_robot', 'merge_install': False, 'path': '/home/raspb/Desktop/TrafficSenseAI/src/traffic_light_robot', 'symlink_install': False, 'test_result_base': None}
[0.617s] INFO:colcon.colcon_core.executor:Executing jobs using 'parallel' executor
[0.620s] DEBUG:colcon.colcon_parallel_executor.executor.parallel:run_until_complete
[0.622s] INFO:colcon.colcon_ros.task.ament_python.build:Building ROS package in '/home/raspb/Desktop/TrafficSenseAI/src/traffic_light_robot' with build type 'ament_python'
[0.623s] Level 1:colcon.colcon_core.shell:create_environment_hook('traffic_light_robot', 'ament_prefix_path')
[0.628s] INFO:colcon.colcon_core.plugin_system:Skipping extension 'colcon_core.shell.bat': Not used on non-Windows systems
[0.629s] INFO:colcon.colcon_core.shell:Creating environment hook '/home/raspb/Desktop/TrafficSenseAI/install/traffic_light_robot/share/traffic_light_robot/hook/ament_prefix_path.ps1'
[0.632s] INFO:colcon.colcon_core.shell:Creating environment descriptor '/home/raspb/Desktop/TrafficSenseAI/install/traffic_light_robot/share/traffic_light_robot/hook/ament_prefix_path.dsv'
[0.635s] INFO:colcon.colcon_core.shell:Creating environment hook '/home/raspb/Desktop/TrafficSenseAI/install/traffic_light_robot/share/traffic_light_robot/hook/ament_prefix_path.sh'
[0.638s] INFO:colcon.colcon_core.shell:Skip shell extension 'powershell' for command environment: Not usable outside of PowerShell
[0.638s] DEBUG:colcon.colcon_core.shell:Skip shell extension 'dsv' for command environment
[1.161s] INFO:colcon.colcon_core.task.python.build:Building Python package in '/home/raspb/Desktop/TrafficSenseAI/src/traffic_light_robot'
[1.162s] INFO:colcon.colcon_core.shell:Skip shell extension 'powershell' for command environment: Not usable outside of PowerShell
[1.162s] DEBUG:colcon.colcon_core.shell:Skip shell extension 'dsv' for command environment
[1.761s] DEBUG:colcon.colcon_core.event_handler.log_command:Invoking command in '/home/raspb/Desktop/TrafficSenseAI/src/traffic_light_robot': PYTHONPATH=/home/raspb/Desktop/TrafficSenseAI/build/traffic_light_robot/prefix_override:/usr/lib/python3/dist-packages/colcon_core/task/python/colcon_distutils_commands:/home/raspb/Desktop/TrafficSenseAI/install/traffic_light_robot/lib/python3.10/site-packages:${PYTHONPATH} /usr/bin/python3 -W ignore:setup.py install is deprecated -W ignore:easy_install command is deprecated setup.py egg_info --egg-base ../../build/traffic_light_robot build --build-base /home/raspb/Desktop/TrafficSenseAI/build/traffic_light_robot/build install --record /home/raspb/Desktop/TrafficSenseAI/build/traffic_light_robot/install.log --single-version-externally-managed install_data
[2.389s] DEBUG:colcon.colcon_core.event_handler.log_command:Invoked command in '/home/raspb/Desktop/TrafficSenseAI/src/traffic_light_robot' returned '0': PYTHONPATH=/home/raspb/Desktop/TrafficSenseAI/build/traffic_light_robot/prefix_override:/usr/lib/python3/dist-packages/colcon_core/task/python/colcon_distutils_commands:/home/raspb/Desktop/TrafficSenseAI/install/traffic_light_robot/lib/python3.10/site-packages:${PYTHONPATH} /usr/bin/python3 -W ignore:setup.py install is deprecated -W ignore:easy_install command is deprecated setup.py egg_info --egg-base ../../build/traffic_light_robot build --build-base /home/raspb/Desktop/TrafficSenseAI/build/traffic_light_robot/build install --record /home/raspb/Desktop/TrafficSenseAI/build/traffic_light_robot/install.log --single-version-externally-managed install_data
[2.393s] Level 1:colcon.colcon_core.environment:checking '/home/raspb/Desktop/TrafficSenseAI/install/traffic_light_robot' for CMake module files
[2.394s] Level 1:colcon.colcon_core.environment:checking '/home/raspb/Desktop/TrafficSenseAI/install/traffic_light_robot' for CMake config files
[2.396s] Level 1:colcon.colcon_core.environment:checking '/home/raspb/Desktop/TrafficSenseAI/install/traffic_light_robot/lib'
[2.397s] Level 1:colcon.colcon_core.environment:checking '/home/raspb/Desktop/TrafficSenseAI/install/traffic_light_robot/bin'
[2.397s] Level 1:colcon.colcon_core.environment:checking '/home/raspb/Desktop/TrafficSenseAI/install/traffic_light_robot/lib/pkgconfig/traffic_light_robot.pc'
[2.397s] Level 1:colcon.colcon_core.environment:checking '/home/raspb/Desktop/TrafficSenseAI/install/traffic_light_robot/lib/python3.10/site-packages'
[2.398s] Level 1:colcon.colcon_core.shell:create_environment_hook('traffic_light_robot', 'pythonpath')
[2.398s] INFO:colcon.colcon_core.shell:Creating environment hook '/home/raspb/Desktop/TrafficSenseAI/install/traffic_light_robot/share/traffic_light_robot/hook/pythonpath.ps1'
[2.400s] INFO:colcon.colcon_core.shell:Creating environment descriptor '/home/raspb/Desktop/TrafficSenseAI/install/traffic_light_robot/share/traffic_light_robot/hook/pythonpath.dsv'
[2.400s] INFO:colcon.colcon_core.shell:Creating environment hook '/home/raspb/Desktop/TrafficSenseAI/install/traffic_light_robot/share/traffic_light_robot/hook/pythonpath.sh'
[2.403s] Level 1:colcon.colcon_core.environment:checking '/home/raspb/Desktop/TrafficSenseAI/install/traffic_light_robot/bin'
[2.403s] Level 1:colcon.colcon_core.environment:create_environment_scripts_only(traffic_light_robot)
[2.404s] INFO:colcon.colcon_core.shell:Creating package script '/home/raspb/Desktop/TrafficSenseAI/install/traffic_light_robot/share/traffic_light_robot/package.ps1'
[2.406s] INFO:colcon.colcon_core.shell:Creating package descriptor '/home/raspb/Desktop/TrafficSenseAI/install/traffic_light_robot/share/traffic_light_robot/package.dsv'
[2.407s] INFO:colcon.colcon_core.shell:Creating package script '/home/raspb/Desktop/TrafficSenseAI/install/traffic_light_robot/share/traffic_light_robot/package.sh'
[2.408s] INFO:colcon.colcon_core.shell:Creating package script '/home/raspb/Desktop/TrafficSenseAI/install/traffic_light_robot/share/traffic_light_robot/package.bash'
[2.410s] INFO:colcon.colcon_core.shell:Creating package script '/home/raspb/Desktop/TrafficSenseAI/install/traffic_light_robot/share/traffic_light_robot/package.zsh'
[2.411s] Level 1:colcon.colcon_core.environment:create_file_with_runtime_dependencies(/home/raspb/Desktop/TrafficSenseAI/install/traffic_light_robot/share/colcon-core/packages/traffic_light_robot)
[2.412s] DEBUG:colcon.colcon_parallel_executor.executor.parallel:closing loop
[2.413s] DEBUG:colcon.colcon_parallel_executor.executor.parallel:loop closed
[2.413s] DEBUG:colcon.colcon_parallel_executor.executor.parallel:run_until_complete finished with '0'
[2.414s] DEBUG:colcon.colcon_core.event_reactor:joining thread
[2.430s] INFO:colcon.colcon_core.plugin_system:Skipping extension 'colcon_notification.desktop_notification.terminal_notifier': Not used on non-Darwin systems
[2.431s] INFO:colcon.colcon_core.plugin_system:Skipping extension 'colcon_notification.desktop_notification.win32': Not used on non-Windows systems
[2.431s] INFO:colcon.colcon_notification.desktop_notification:Sending desktop notification using 'notify2'
[2.462s] DEBUG:colcon.colcon_core.event_reactor:joined thread
[2.462s] INFO:colcon.colcon_core.shell:Creating prefix script '/home/raspb/Desktop/TrafficSenseAI/install/local_setup.ps1'
[2.464s] INFO:colcon.colcon_core.shell:Creating prefix util module '/home/raspb/Desktop/TrafficSenseAI/install/_local_setup_util_ps1.py'
[2.472s] INFO:colcon.colcon_core.shell:Creating prefix chain script '/home/raspb/Desktop/TrafficSenseAI/install/setup.ps1'
[2.475s] INFO:colcon.colcon_core.shell:Creating prefix script '/home/raspb/Desktop/TrafficSenseAI/install/local_setup.sh'
[2.476s] INFO:colcon.colcon_core.shell:Creating prefix util module '/home/raspb/Desktop/TrafficSenseAI/install/_local_setup_util_sh.py'
[2.477s] INFO:colcon.colcon_core.shell:Creating prefix chain script '/home/raspb/Desktop/TrafficSenseAI/install/setup.sh'
[2.479s] INFO:colcon.colcon_core.shell:Creating prefix script '/home/raspb/Desktop/TrafficSenseAI/install/local_setup.bash'
[2.481s] INFO:colcon.colcon_core.shell:Creating prefix chain script '/home/raspb/Desktop/TrafficSenseAI/install/setup.bash'
[2.484s] INFO:colcon.colcon_core.shell:Creating prefix script '/home/raspb/Desktop/TrafficSenseAI/install/local_setup.zsh'
[2.487s] INFO:colcon.colcon_core.shell:Creating prefix chain script '/home/raspb/Desktop/TrafficSenseAI/install/setup.zsh'
